#
# There is insufficient memory for the Java Runtime Environment to continue.
# Native memory allocation (malloc) failed to allocate 1320816 bytes for Chunk::new
# Possible reasons:
#   The system is out of physical RAM or swap space
#   The process is running with CompressedOops enabled, and the Java Heap may be blocking the growth of the native heap
# Possible solutions:
#   Reduce memory load on the system
#   Increase physical memory or swap space
#   Check if swap backing store is full
#   Decrease Java heap size (-Xmx/-Xms)
#   Decrease number of Java threads
#   Decrease Java thread stack sizes (-Xss)
#   Set larger code cache with -XX:ReservedCodeCacheSize=
#   JVM is running with Zero Based Compressed Oops mode in which the Java heap is
#     placed in the first 32GB address space. The Java Heap base address is the
#     maximum limit for the native heap growth. Please use -XX:HeapBaseMinAddress
#     to set the Java Heap base and to place the Java Heap above 32GB virtual address.
# This output file may be truncated or incomplete.
#
#  Out of Memory Error (allocation.cpp:389), pid=69396, tid=0x0000000000010da8
#
# JRE version: Java(TM) SE Runtime Environment (8.0_221-b11) (build 1.8.0_221-b11)
# Java VM: Java HotSpot(TM) 64-Bit Server VM (25.221-b11 mixed mode windows-amd64 compressed oops)
# Failed to write core dump. Minidumps are not enabled by default on client versions of Windows
#

---------------  T H R E A D  ---------------

Current thread (0x000000001e874000):  JavaThread "C2 CompilerThread2" daemon [_thread_in_native, id=69032, stack(0x000000001f240000,0x000000001f340000)]

Stack: [0x000000001f240000,0x000000001f340000]
[error occurred during error reporting (printing stack bounds), id 0xc0000005]

Native frames: (J=compiled Java code, j=interpreted, Vv=VM code, C=native code)


Current CompileTask:
C2:   2466 3064   !   4       org.codehaus.plexus.interpolation.StringSearchInterpolator::interpolate (650 bytes)


---------------  P R O C E S S  ---------------

Java Threads: ( => current thread )
  0x000000001e903000 JavaThread "Service Thread" daemon [_thread_blocked, id=69456, stack(0x000000001f440000,0x000000001f540000)]
  0x000000001e87e800 JavaThread "C1 CompilerThread3" daemon [_thread_blocked, id=67060, stack(0x000000001f340000,0x000000001f440000)]
=>0x000000001e874000 JavaThread "C2 CompilerThread2" daemon [_thread_in_native, id=69032, stack(0x000000001f240000,0x000000001f340000)]
  0x000000001e819800 JavaThread "C2 CompilerThread1" daemon [_thread_in_native, id=67284, stack(0x000000001f140000,0x000000001f240000)]
  0x000000001e816800 JavaThread "C2 CompilerThread0" daemon [_thread_in_native, id=69340, stack(0x000000001f040000,0x000000001f140000)]
  0x000000001e872800 JavaThread "Attach Listener" daemon [_thread_blocked, id=57812, stack(0x000000001ef40000,0x000000001f040000)]
  0x000000001e871800 JavaThread "Signal Dispatcher" daemon [_thread_blocked, id=69592, stack(0x000000001ee40000,0x000000001ef40000)]
  0x000000001e800800 JavaThread "Finalizer" daemon [_thread_blocked, id=65892, stack(0x000000001ece0000,0x000000001ede0000)]
  0x000000001ca0c800 JavaThread "Reference Handler" daemon [_thread_blocked, id=69476, stack(0x000000001ebe0000,0x000000001ece0000)]
  0x0000000002e52800 JavaThread "main" [_thread_in_native, id=69564, stack(0x0000000002d50000,0x0000000002e50000)]

Other Threads:
  0x000000001ca08800 VMThread [stack: 0x000000001e6e0000,0x000000001e7e0000] [id=66880]
  0x000000001e8b2000 WatcherThread [stack: 0x000000001f540000,0x000000001f640000] [id=64124]

VM state:not at safepoint (normal execution)

VM Mutex/Monitor currently owned by a thread: None

heap address: 0x00000006c0a00000, size: 4086 MB, Compressed Oops mode: Zero based, Oop shift amount: 3
Narrow klass base: 0x0000000000000000, Narrow klass shift: 3
Compressed class space size: 1073741824 Address: 0x00000007c0000000

Heap:
 PSYoungGen      total 76288K, used 67526K [0x000000076ae00000, 0x0000000770300000, 0x00000007c0000000)
  eden space 65536K, 86% used [0x000000076ae00000,0x000000076e579b48,0x000000076ee00000)
  from space 10752K, 99% used [0x000000076ee00000,0x000000076f878030,0x000000076f880000)
  to   space 10752K, 0% used [0x000000076f880000,0x000000076f880000,0x0000000770300000)
 ParOldGen       total 175104K, used 5502K [0x00000006c0a00000, 0x00000006cb500000, 0x000000076ae00000)
  object space 175104K, 3% used [0x00000006c0a00000,0x00000006c0f5f890,0x00000006cb500000)
 Metaspace       used 15968K, capacity 16272K, committed 16384K, reserved 1062912K
  class space    used 1871K, capacity 1986K, committed 2048K, reserved 1048576K

Card table byte_map: [0x0000000012310000,0x0000000012b10000] byte_map_base: 0x000000000ed0b000

Marking Bits: (ParMarkBitMap*) 0x0000000060955ce0
 Begin Bits: [0x0000000013870000, 0x0000000017848000)
 End Bits:   [0x0000000017848000, 0x000000001b820000)

Polling page: 0x0000000001160000

CodeCache: size=245760Kb used=11717Kb max_used=11744Kb free=234042Kb
 bounds [0x0000000002f50000, 0x0000000003ae0000, 0x0000000011f50000]
 total_blobs=3502 nmethods=3142 adapters=272
 compilation: enabled

Compilation events (10 events):
Event: 2.414 Thread 0x000000001e87e800 3153   !   3       java.nio.channels.spi.AbstractInterruptibleChannel::close (37 bytes)
Event: 2.414 Thread 0x000000001e87e800 nmethod 3153 0x0000000003ab6e50 code [0x0000000003ab6fc0, 0x0000000003ab7408]
Event: 2.432 Thread 0x000000001e819800 nmethod 3061 0x0000000003abe090 code [0x0000000003abe420, 0x0000000003ac22b0]
Event: 2.433 Thread 0x000000001e819800 3136       4       java.util.HashMap::getNode (148 bytes)
Event: 2.435 Thread 0x000000001e819800 nmethod 3136 0x0000000003abad10 code [0x0000000003abae60, 0x0000000003abb098]
Event: 2.435 Thread 0x000000001e819800 3090       4       org.apache.maven.model.validation.DefaultModelValidator::validateEffectiveDependency (732 bytes)
Event: 2.444 Thread 0x000000001e816800 nmethod 3087 0x0000000003acefd0 code [0x0000000003acf600, 0x0000000003ad3ef0]
Event: 2.445 Thread 0x000000001e816800 3134       4       java.util.HashMap::get (23 bytes)
Event: 2.449 Thread 0x000000001e816800 nmethod 3134 0x0000000003abc4d0 code [0x0000000003abc620, 0x0000000003abc8f8]
Event: 2.449 Thread 0x000000001e816800 3133       4       org.eclipse.aether.util.graph.transformer.ConflictResolver::gatherConflictItems (111 bytes)

GC Heap History (6 events):
Event: 0.846 GC heap before
{Heap before GC invocations=1 (full 0):
 PSYoungGen      total 76288K, used 65536K [0x000000076ae00000, 0x0000000770300000, 0x00000007c0000000)
  eden space 65536K, 100% used [0x000000076ae00000,0x000000076ee00000,0x000000076ee00000)
  from space 10752K, 0% used [0x000000076f880000,0x000000076f880000,0x0000000770300000)
  to   space 10752K, 0% used [0x000000076ee00000,0x000000076ee00000,0x000000076f880000)
 ParOldGen       total 175104K, used 0K [0x00000006c0a00000, 0x00000006cb500000, 0x000000076ae00000)
  object space 175104K, 0% used [0x00000006c0a00000,0x00000006c0a00000,0x00000006cb500000)
 Metaspace       used 11616K, capacity 11834K, committed 12032K, reserved 1060864K
  class space    used 1440K, capacity 1513K, committed 1536K, reserved 1048576K
Event: 0.853 GC heap after
Heap after GC invocations=1 (full 0):
 PSYoungGen      total 76288K, used 10447K [0x000000076ae00000, 0x0000000770300000, 0x00000007c0000000)
  eden space 65536K, 0% used [0x000000076ae00000,0x000000076ae00000,0x000000076ee00000)
  from space 10752K, 97% used [0x000000076ee00000,0x000000076f833e78,0x000000076f880000)
  to   space 10752K, 0% used [0x000000076f880000,0x000000076f880000,0x0000000770300000)
 ParOldGen       total 175104K, used 16K [0x00000006c0a00000, 0x00000006cb500000, 0x000000076ae00000)
  object space 175104K, 0% used [0x00000006c0a00000,0x00000006c0a04000,0x00000006cb500000)
 Metaspace       used 11616K, capacity 11834K, committed 12032K, reserved 1060864K
  class space    used 1440K, capacity 1513K, committed 1536K, reserved 1048576K
}
Event: 1.533 GC heap before
{Heap before GC invocations=2 (full 0):
 PSYoungGen      total 76288K, used 75983K [0x000000076ae00000, 0x0000000770300000, 0x00000007c0000000)
  eden space 65536K, 100% used [0x000000076ae00000,0x000000076ee00000,0x000000076ee00000)
  from space 10752K, 97% used [0x000000076ee00000,0x000000076f833e78,0x000000076f880000)
  to   space 10752K, 0% used [0x000000076f880000,0x000000076f880000,0x0000000770300000)
 ParOldGen       total 175104K, used 16K [0x00000006c0a00000, 0x00000006cb500000, 0x000000076ae00000)
  object space 175104K, 0% used [0x00000006c0a00000,0x00000006c0a04000,0x00000006cb500000)
 Metaspace       used 15194K, capacity 15482K, committed 15872K, reserved 1062912K
  class space    used 1843K, capacity 1945K, committed 2048K, reserved 1048576K
Event: 1.541 GC heap after
Heap after GC invocations=2 (full 0):
 PSYoungGen      total 76288K, used 10733K [0x000000076ae00000, 0x0000000770300000, 0x00000007c0000000)
  eden space 65536K, 0% used [0x000000076ae00000,0x000000076ae00000,0x000000076ee00000)
  from space 10752K, 99% used [0x000000076f880000,0x00000007702fb428,0x0000000770300000)
  to   space 10752K, 0% used [0x000000076ee00000,0x000000076ee00000,0x000000076f880000)
 ParOldGen       total 175104K, used 1249K [0x00000006c0a00000, 0x00000006cb500000, 0x000000076ae00000)
  object space 175104K, 0% used [0x00000006c0a00000,0x00000006c0b384f8,0x00000006cb500000)
 Metaspace       used 15194K, capacity 15482K, committed 15872K, reserved 1062912K
  class space    used 1843K, capacity 1945K, committed 2048K, reserved 1048576K
}
Event: 1.978 GC heap before
{Heap before GC invocations=3 (full 0):
 PSYoungGen      total 76288K, used 76269K [0x000000076ae00000, 0x0000000770300000, 0x00000007c0000000)
  eden space 65536K, 100% used [0x000000076ae00000,0x000000076ee00000,0x000000076ee00000)
  from space 10752K, 99% used [0x000000076f880000,0x00000007702fb428,0x0000000770300000)
  to   space 10752K, 0% used [0x000000076ee00000,0x000000076ee00000,0x000000076f880000)
 ParOldGen       total 175104K, used 1249K [0x00000006c0a00000, 0x00000006cb500000, 0x000000076ae00000)
  object space 175104K, 0% used [0x00000006c0a00000,0x00000006c0b384f8,0x00000006cb500000)
 Metaspace       used 15649K, capacity 15920K, committed 16128K, reserved 1062912K
  class space    used 1858K, capacity 1954K, committed 2048K, reserved 1048576K
Event: 1.985 GC heap after
Heap after GC invocations=3 (full 0):
 PSYoungGen      total 76288K, used 10720K [0x000000076ae00000, 0x0000000770300000, 0x00000007c0000000)
  eden space 65536K, 0% used [0x000000076ae00000,0x000000076ae00000,0x000000076ee00000)
  from space 10752K, 99% used [0x000000076ee00000,0x000000076f878030,0x000000076f880000)
  to   space 10752K, 0% used [0x000000076f880000,0x000000076f880000,0x0000000770300000)
 ParOldGen       total 175104K, used 5502K [0x00000006c0a00000, 0x00000006cb500000, 0x000000076ae00000)
  object space 175104K, 3% used [0x00000006c0a00000,0x00000006c0f5f890,0x00000006cb500000)
 Metaspace       used 15649K, capacity 15920K, committed 16128K, reserved 1062912K
  class space    used 1858K, capacity 1954K, committed 2048K, reserved 1048576K
}

Deoptimization events (10 events):
Event: 1.864 Thread 0x0000000002e52800 Uncommon trap: reason=unstable_if action=reinterpret pc=0x00000000036ebb3c method=org.apache.maven.model.io.xpp3.MavenXpp3Reader.nextTag(Lorg/codehaus/plexus/util/xml/pull/XmlPullParser;)I @ 9
Event: 1.883 Thread 0x0000000002e52800 Uncommon trap: reason=bimorphic action=maybe_recompile pc=0x00000000035024c8 method=java.util.concurrent.ConcurrentHashMap.get(Ljava/lang/Object;)Ljava/lang/Object; @ 149
Event: 1.891 Thread 0x0000000002e52800 Uncommon trap: reason=bimorphic action=maybe_recompile pc=0x00000000035024c8 method=java.util.concurrent.ConcurrentHashMap.get(Ljava/lang/Object;)Ljava/lang/Object; @ 149
Event: 1.915 Thread 0x0000000002e52800 Uncommon trap: reason=unstable_if action=reinterpret pc=0x0000000003756e6c method=org.codehaus.plexus.util.xml.pull.MXParser.parseAttribute()C @ 1002
Event: 2.138 Thread 0x0000000002e52800 Uncommon trap: reason=class_check action=maybe_recompile pc=0x000000000373d640 method=org.codehaus.plexus.interpolation.MapBasedValueSource.getValue(Ljava/lang/String;)Ljava/lang/Object; @ 16
Event: 2.139 Thread 0x0000000002e52800 Uncommon trap: reason=unstable_if action=reinterpret pc=0x00000000038bb248 method=org.apache.maven.model.validation.DefaultModelValidator.validateEffectiveDependency(Lorg/apache/maven/model/building/ModelProblemCollector;Lorg/apache/maven/model/Dependency
Event: 2.139 Thread 0x0000000002e52800 Uncommon trap: reason=unstable_if action=reinterpret pc=0x0000000003840e00 method=org.eclipse.aether.artifact.DefaultArtifact.merge(Ljava/util/Map;Ljava/util/Map;)Ljava/util/Map; @ 1
Event: 2.147 Thread 0x0000000002e52800 Uncommon trap: reason=unstable_if action=reinterpret pc=0x000000000380efd0 method=org.codehaus.plexus.interpolation.StringSearchInterpolator.interpolate(Ljava/lang/String;Lorg/codehaus/plexus/interpolation/RecursionInterceptor;Ljava/util/Set;)Ljava/lang/S
Event: 2.328 Thread 0x0000000002e52800 Uncommon trap: reason=unstable_if action=reinterpret pc=0x0000000003781ea0 method=java.util.HashMap.getNode(ILjava/lang/Object;)Ljava/util/HashMap$Node; @ 53
Event: 2.329 Thread 0x0000000002e52800 Uncommon trap: reason=unstable_if action=reinterpret pc=0x00000000032e5bd0 method=java.util.HashMap.getNode(ILjava/lang/Object;)Ljava/util/HashMap$Node; @ 53

Classes redefined (0 events):
No events

Internal exceptions (10 events):
Event: 1.058 Thread 0x0000000002e52800 Exception <a 'java/lang/NullPointerException'> (0x000000076bcc8028) thrown at [C:\re\workspace\8-2-build-windows-amd64-cygwin\jdk8u221\13320\hotspot\src\share\vm\interpreter\linkResolver.cpp, line 1185]
Event: 1.058 Thread 0x0000000002e52800 Exception <a 'java/lang/NullPointerException'> (0x000000076bcd04d8) thrown at [C:\re\workspace\8-2-build-windows-amd64-cygwin\jdk8u221\13320\hotspot\src\share\vm\interpreter\linkResolver.cpp, line 1185]
Event: 1.058 Thread 0x0000000002e52800 Exception <a 'java/lang/NullPointerException'> (0x000000076bcd06f0) thrown at [C:\re\workspace\8-2-build-windows-amd64-cygwin\jdk8u221\13320\hotspot\src\share\vm\interpreter\linkResolver.cpp, line 1185]
Event: 1.058 Thread 0x0000000002e52800 Exception <a 'java/lang/NullPointerException'> (0x000000076bcd0908) thrown at [C:\re\workspace\8-2-build-windows-amd64-cygwin\jdk8u221\13320\hotspot\src\share\vm\interpreter\linkResolver.cpp, line 1185]
Event: 1.091 Thread 0x0000000002e52800 Implicit null exception at 0x00000000031aacd6 to 0x00000000031ab081
Event: 1.091 Thread 0x0000000002e52800 Implicit null exception at 0x0000000003152f96 to 0x0000000003153339
Event: 1.267 Thread 0x0000000002e52800 Implicit null exception at 0x00000000035e4aaf to 0x00000000035e5d35
Event: 1.402 Thread 0x0000000002e52800 Implicit null exception at 0x0000000003660d83 to 0x0000000003660fcd
Event: 1.470 Thread 0x0000000002e52800 Implicit null exception at 0x000000000331d355 to 0x000000000331d555
Event: 1.796 Thread 0x0000000002e52800 Implicit null exception at 0x0000000003856d58 to 0x00000000038581e5

Events (10 events):
Event: 2.329 Thread 0x0000000002e52800 DEOPT PACKING pc=0x00000000032e5bd0 sp=0x0000000002e4d880
Event: 2.329 Thread 0x0000000002e52800 DEOPT UNPACKING pc=0x0000000002f9583b sp=0x0000000002e4d7f8 mode 2
Event: 2.358 loading class org/eclipse/aether/internal/impl/ArtifactRequestBuilder
Event: 2.358 loading class org/eclipse/aether/internal/impl/ArtifactRequestBuilder done
Event: 2.359 loading class org/eclipse/aether/util/graph/visitor/FilteringDependencyVisitor
Event: 2.359 loading class org/eclipse/aether/util/graph/visitor/FilteringDependencyVisitor done
Event: 2.360 loading class org/eclipse/aether/util/graph/visitor/Stack
Event: 2.360 loading class org/eclipse/aether/util/graph/visitor/Stack done
Event: 2.360 loading class org/eclipse/aether/util/graph/visitor/TreeDependencyVisitor
Event: 2.360 loading class org/eclipse/aether/util/graph/visitor/TreeDependencyVisitor done


Dynamic libraries:
0x00007ff6240a0000 - 0x00007ff6240d7000 	C:\Program Files\Java\jdk1.8.0_221\bin\java.exe
0x00007ff966a60000 - 0x00007ff966c50000 	C:\WINDOWS\SYSTEM32\ntdll.dll
0x00007ff965740000 - 0x00007ff9657f2000 	C:\WINDOWS\System32\KERNEL32.DLL
0x00007ff963f30000 - 0x00007ff9641d3000 	C:\WINDOWS\System32\KERNELBASE.dll
0x00007ff964fe0000 - 0x00007ff965083000 	C:\WINDOWS\System32\ADVAPI32.dll
0x00007ff965870000 - 0x00007ff96590e000 	C:\WINDOWS\System32\msvcrt.dll
0x00007ff9663c0000 - 0x00007ff966457000 	C:\WINDOWS\System32\sechost.dll
0x00007ff9655e0000 - 0x00007ff965700000 	C:\WINDOWS\System32\RPCRT4.dll
0x00007ff966460000 - 0x00007ff9665f4000 	C:\WINDOWS\System32\USER32.dll
0x00007ff964ae0000 - 0x00007ff964b01000 	C:\WINDOWS\System32\win32u.dll
0x00007ff965700000 - 0x00007ff965726000 	C:\WINDOWS\System32\GDI32.dll
0x00007ff963cc0000 - 0x00007ff963e54000 	C:\WINDOWS\System32\gdi32full.dll
0x00007ff963e90000 - 0x00007ff963f2e000 	C:\WINDOWS\System32\msvcp_win.dll
0x00007ff963bc0000 - 0x00007ff963cba000 	C:\WINDOWS\System32\ucrtbase.dll
0x00007ff955e70000 - 0x00007ff9560f5000 	C:\WINDOWS\WinSxS\amd64_microsoft.windows.common-controls_6595b64144ccf1df_6.0.18362.418_none_e6c6b287130d565d\COMCTL32.dll
0x00007ff965270000 - 0x00007ff9655a6000 	C:\WINDOWS\System32\combase.dll
0x00007ff963b40000 - 0x00007ff963bc0000 	C:\WINDOWS\System32\bcryptPrimitives.dll
0x00007ff9655b0000 - 0x00007ff9655de000 	C:\WINDOWS\System32\IMM32.DLL
0x0000000060d20000 - 0x0000000060df2000 	C:\Program Files\Java\jdk1.8.0_221\jre\bin\msvcr100.dll
0x0000000060130000 - 0x00000000609d5000 	C:\Program Files\Java\jdk1.8.0_221\jre\bin\server\jvm.dll
0x00007ff965240000 - 0x00007ff965248000 	C:\WINDOWS\System32\PSAPI.DLL
0x00007ff961870000 - 0x00007ff961894000 	C:\WINDOWS\SYSTEM32\WINMM.dll
0x00007ff9537c0000 - 0x00007ff9537c9000 	C:\WINDOWS\SYSTEM32\WSOCK32.dll
0x00007ff95dd20000 - 0x00007ff95dd2a000 	C:\WINDOWS\SYSTEM32\VERSION.dll
0x00007ff965800000 - 0x00007ff96586f000 	C:\WINDOWS\System32\WS2_32.dll
0x00007ff9614d0000 - 0x00007ff9614fd000 	C:\WINDOWS\SYSTEM32\winmmbase.dll
0x00007ff9641e0000 - 0x00007ff96422a000 	C:\WINDOWS\System32\cfgmgr32.dll
0x00007ff95c640000 - 0x00007ff95c64f000 	C:\Program Files\Java\jdk1.8.0_221\jre\bin\verify.dll
0x00007ff9506b0000 - 0x00007ff9506d9000 	C:\Program Files\Java\jdk1.8.0_221\jre\bin\java.dll
0x00007ff953510000 - 0x00007ff953526000 	C:\Program Files\Java\jdk1.8.0_221\jre\bin\zip.dll
0x00007ff965910000 - 0x00007ff965ff5000 	C:\WINDOWS\System32\SHELL32.dll
0x00007ff9661d0000 - 0x00007ff966279000 	C:\WINDOWS\System32\shcore.dll
0x00007ff964290000 - 0x00007ff964a0f000 	C:\WINDOWS\System32\windows.storage.dll
0x00007ff963990000 - 0x00007ff9639af000 	C:\WINDOWS\System32\profapi.dll
0x00007ff963940000 - 0x00007ff96398a000 	C:\WINDOWS\System32\powrprof.dll
0x00007ff963930000 - 0x00007ff963940000 	C:\WINDOWS\System32\UMPDC.dll
0x00007ff9668e0000 - 0x00007ff966932000 	C:\WINDOWS\System32\shlwapi.dll
0x00007ff9639d0000 - 0x00007ff9639e1000 	C:\WINDOWS\System32\kernel.appcore.dll
0x00007ff964ac0000 - 0x00007ff964ad7000 	C:\WINDOWS\System32\cryptsp.dll
0x00007ff961ab0000 - 0x00007ff961aba000 	G:\Apache\maven\lib\jansi-native\windows64\jansi.dll
0x00007ff9505c0000 - 0x00007ff9505da000 	C:\Program Files\Java\jdk1.8.0_221\jre\bin\net.dll
0x00007ff9576a0000 - 0x00007ff957876000 	C:\WINDOWS\SYSTEM32\urlmon.dll
0x00007ff9580a0000 - 0x00007ff958346000 	C:\WINDOWS\SYSTEM32\iertutil.dll
0x00007ff9632e0000 - 0x00007ff9632ec000 	C:\WINDOWS\SYSTEM32\CRYPTBASE.DLL
0x00007ff963110000 - 0x00007ff963177000 	C:\WINDOWS\system32\mswsock.dll
0x00007ff94c1a0000 - 0x00007ff94c1b2000 	C:\Program Files\Java\jdk1.8.0_221\jre\bin\nio.dll

VM Arguments:
jvm_args: -Dclassworlds.conf=G:\Apache\maven\bin\..\bin\m2.conf -Dmaven.home=G:\Apache\maven\bin\.. -Dlibrary.jansi.path=G:\Apache\maven\bin\..\lib\jansi-native -Dmaven.multiModuleProjectDirectory=F:\IdeaProjects\kaptcha_jwt2 
java_command: org.codehaus.plexus.classworlds.launcher.Launcher clean package -DskipTests=true
java_class_path (initial): G:\Apache\maven\bin\..\boot\plexus-classworlds-2.6.0.jar
Launcher Type: SUN_STANDARD

Environment Variables:
JAVA_HOME=C:\Program Files\Java\jdk1.8.0_221
CLASSPATH=.;C:\Program Files\Java\jdk1.8.0_221\lib;C:\Program Files\Java\jdk1.8.0_221\lib\tools.jar;
PATH=C:\Program Files\JetBrains\IntelliJ IDEA 2019.2\jbr\\bin;C:\Program Files\JetBrains\IntelliJ IDEA 2019.2\jbr\\bin\server;C:\Program Files\Java\jdk1.8.0_221\bin;C:\Program Files (x86)\Common Files\Oracle\Java\javapath;C:\Windows\system32;C:\Windows;C:\Windows\System32\Wbem;C:\Windows\System32\WindowsPowerShell\v1.0\;C:\Windows\System32\OpenSSH\;C:\Program Files (x86)\NVIDIA Corporation\PhysX\Common;C:\Program Files\NVIDIA Corporation\NVIDIA NvDLISR;E:\apache-tomcat-8.0.24\bin\;G:\Apache\maven\bin\;G:\mysql-8.0.17-winx64\bin;G:\NodeJS\;C:\ProgramData\chocolatey\bin;G:\Redis-x64-3.2.100;C:\WINDOWS\system32;C:\WINDOWS;C:\WINDOWS\System32\Wbem;C:\WINDOWS\System32\WindowsPowerShell\v1.0\;C:\WINDOWS\System32\OpenSSH\;G:\Git\cmd;G:\Git\mingw64\bin;G:\Git\usr\bin;C:\Users\Administrator\AppData\Local\Microsoft\WindowsApps;;C:\Program Files\JetBrains\IntelliJ IDEA 2019.2\bin;;G:\Microsoft VS Code\bin;C:\Users\Administrator\AppData\Roaming\npm
USERNAME=Administrator
OS=Windows_NT
PROCESSOR_IDENTIFIER=Intel64 Family 6 Model 158 Stepping 9, GenuineIntel



---------------  S Y S T E M  ---------------

OS: Windows 10.0 , 64 bit Build 18362 (10.0.18362.329)

CPU:total 8 (initial active 8) (4 cores per cpu, 2 threads per core) family 6 model 158 stepping 9, cmov, cx8, fxsr, mmx, sse, sse2, sse3, ssse3, sse4.1, sse4.2, popcnt, avx, avx2, aes, clmul, erms, rtm, 3dnowpref, lzcnt, ht, tsc, tscinvbit, bmi1, bmi2, adx

Memory: 4k page, physical 16736000k(4204004k free), swap 27148688k(5436k free)

vm_info: Java HotSpot(TM) 64-Bit Server VM (25.221-b11) for windows-amd64 JRE (1.8.0_221-b11), built on Jul  4 2019 04:39:29 by "java_re" with MS VC++ 10.0 (VS2010)

time: Thu Nov 14 18:57:36 2019
timezone: 中国标准时间
elapsed time: 2 seconds (0d 0h 0m 2s)

