#
# There is insufficient memory for the Java Runtime Environment to continue.
# Native memory allocation (malloc) failed to allocate 2157776 bytes for Chunk::new
# Possible reasons:
#   The system is out of physical RAM or swap space
#   The process is running with CompressedOops enabled, and the Java Heap may be blocking the growth of the native heap
# Possible solutions:
#   Reduce memory load on the system
#   Increase physical memory or swap space
#   Check if swap backing store is full
#   Decrease Java heap size (-Xmx/-Xms)
#   Decrease number of Java threads
#   Decrease Java thread stack sizes (-Xss)
#   Set larger code cache with -XX:ReservedCodeCacheSize=
#   JVM is running with Zero Based Compressed Oops mode in which the Java heap is
#     placed in the first 32GB address space. The Java Heap base address is the
#     maximum limit for the native heap growth. Please use -XX:HeapBaseMinAddress
#     to set the Java Heap base and to place the Java Heap above 32GB virtual address.
# This output file may be truncated or incomplete.
#
#  Out of Memory Error (allocation.cpp:389), pid=55936, tid=0x000000000000fff0
#
# JRE version: Java(TM) SE Runtime Environment (8.0_221-b11) (build 1.8.0_221-b11)
# Java VM: Java HotSpot(TM) 64-Bit Server VM (25.221-b11 mixed mode windows-amd64 compressed oops)
# Failed to write core dump. Minidumps are not enabled by default on client versions of Windows
#

---------------  T H R E A D  ---------------

Current thread (0x000000001ea2a800):  JavaThread "C2 CompilerThread2" daemon [_thread_in_native, id=65520, stack(0x000000001f3f0000,0x000000001f4f0000)]

Stack: [0x000000001f3f0000,0x000000001f4f0000]
[error occurred during error reporting (printing stack bounds), id 0xc0000005]

Native frames: (J=compiled Java code, j=interpreted, Vv=VM code, C=native code)


Current CompileTask:
C2:   9589 6987   !   4       java.net.URLClassLoader$1::run (63 bytes)


---------------  P R O C E S S  ---------------

Java Threads: ( => current thread )
  0x00000000277c6800 JavaThread "pool-1-thread-8" [_thread_blocked, id=64840, stack(0x0000000027d80000,0x0000000027e80000)]
  0x00000000236ce800 JavaThread "pool-1-thread-7" [_thread_blocked, id=14420, stack(0x0000000027c80000,0x0000000027d80000)]
  0x0000000020270000 JavaThread "pool-1-thread-6" [_thread_blocked, id=64812, stack(0x0000000027b80000,0x0000000027c80000)]
  0x0000000021671800 JavaThread "pool-1-thread-5" [_thread_blocked, id=63288, stack(0x0000000027a80000,0x0000000027b80000)]
  0x0000000024878800 JavaThread "pool-1-thread-4" [_thread_blocked, id=65224, stack(0x0000000025570000,0x0000000025670000)]
  0x000000001fc0a000 JavaThread "pool-1-thread-3" [_thread_blocked, id=61700, stack(0x0000000025220000,0x0000000025320000)]
  0x00000000257e5800 JavaThread "pool-1-thread-2" [_thread_blocked, id=60128, stack(0x00000000236d0000,0x00000000237d0000)]
  0x00000000231ad800 JavaThread "pool-1-thread-1" [_thread_blocked, id=61824, stack(0x0000000022590000,0x0000000022690000)]
  0x000000001eacd800 JavaThread "Service Thread" daemon [_thread_blocked, id=65236, stack(0x000000001f5f0000,0x000000001f6f0000)]
  0x000000001ea95000 JavaThread "C1 CompilerThread3" daemon [_thread_in_vm, id=65024, stack(0x000000001f4f0000,0x000000001f5f0000)]
=>0x000000001ea2a800 JavaThread "C2 CompilerThread2" daemon [_thread_in_native, id=65520, stack(0x000000001f3f0000,0x000000001f4f0000)]
  0x000000001ea27800 JavaThread "C2 CompilerThread1" daemon [_thread_in_native, id=62660, stack(0x000000001f2f0000,0x000000001f3f0000)]
  0x000000001ea24800 JavaThread "C2 CompilerThread0" daemon [_thread_in_native, id=62572, stack(0x000000001f1f0000,0x000000001f2f0000)]
  0x000000001ea85800 JavaThread "Attach Listener" daemon [_thread_blocked, id=36224, stack(0x000000001f0f0000,0x000000001f1f0000)]
  0x000000001ea84800 JavaThread "Signal Dispatcher" daemon [_thread_blocked, id=64876, stack(0x000000001eff0000,0x000000001f0f0000)]
  0x000000001ea11800 JavaThread "Finalizer" daemon [_thread_blocked, id=24780, stack(0x000000001eef0000,0x000000001eff0000)]
  0x000000001cbfc800 JavaThread "Reference Handler" daemon [_thread_blocked, id=24448, stack(0x000000001edf0000,0x000000001eef0000)]
  0x0000000002f42800 JavaThread "main" [_thread_in_native, id=64844, stack(0x0000000002a10000,0x0000000002b10000)]

Other Threads:
  0x000000001cbf8800 VMThread [stack: 0x000000001e8f0000,0x000000001e9f0000] [id=64944]
  0x000000001eb5a000 WatcherThread [stack: 0x000000001f6f0000,0x000000001f7f0000] [id=59264]

VM state:not at safepoint (normal execution)

VM Mutex/Monitor currently owned by a thread: None

heap address: 0x00000006c0a00000, size: 4086 MB, Compressed Oops mode: Zero based, Oop shift amount: 3
Narrow klass base: 0x0000000000000000, Narrow klass shift: 3
Compressed class space size: 1073741824 Address: 0x00000007c0000000

Heap:
 PSYoungGen      total 181248K, used 151958K [0x000000076ae00000, 0x0000000778180000, 0x00000007c0000000)
  eden space 159232K, 81% used [0x000000076ae00000,0x0000000772ce8c68,0x0000000774980000)
  from space 22016K, 99% used [0x0000000776380000,0x00000007778fccd0,0x0000000777900000)
  to   space 26624K, 0% used [0x0000000774980000,0x0000000774980000,0x0000000776380000)
 ParOldGen       total 135680K, used 38144K [0x00000006c0a00000, 0x00000006c8e80000, 0x000000076ae00000)
  object space 135680K, 28% used [0x00000006c0a00000,0x00000006c2f40358,0x00000006c8e80000)
 Metaspace       used 29706K, capacity 30682K, committed 30848K, reserved 1077248K
  class space    used 3385K, capacity 3666K, committed 3712K, reserved 1048576K

Card table byte_map: [0x0000000012500000,0x0000000012d00000] byte_map_base: 0x000000000eefb000

Marking Bits: (ParMarkBitMap*) 0x0000000060955ce0
 Begin Bits: [0x0000000013a60000, 0x0000000017a38000)
 End Bits:   [0x0000000017a38000, 0x000000001ba10000)

Polling page: 0x00000000011f0000

CodeCache: size=245760Kb used=23184Kb max_used=23654Kb free=222575Kb
 bounds [0x0000000003140000, 0x0000000004890000, 0x0000000012140000]
 total_blobs=6482 nmethods=6028 adapters=366
 compilation: enabled

Compilation events (10 events):
Event: 9.576 Thread 0x000000001ea95000 nmethod 7077 0x000000000391d850 code [0x000000000391d9c0, 0x000000000391dca8]
Event: 9.579 Thread 0x000000001ea95000 7078   !   3       java.util.zip.Deflater::finished (19 bytes)
Event: 9.579 Thread 0x000000001ea95000 nmethod 7078 0x00000000039861d0 code [0x0000000003986320, 0x0000000003986610]
Event: 9.579 Thread 0x000000001ea95000 7079   !   3       java.util.zip.Deflater::needsInput (27 bytes)
Event: 9.579 Thread 0x000000001ea95000 nmethod 7079 0x000000000360c110 code [0x000000000360c280, 0x000000000360c5d0]
Event: 9.582 Thread 0x000000001ea95000 7080       3       sun.util.calendar.BaseCalendar::isLeapYear (5 bytes)
Event: 9.583 Thread 0x000000001ea95000 nmethod 7080 0x000000000373da50 code [0x000000000373dbc0, 0x000000000373deb0]
Event: 9.583 Thread 0x000000001ea95000 7081       3       sun.util.calendar.CalendarUtils::isGregorianLeapYear (27 bytes)
Event: 9.583 Thread 0x000000001ea95000 nmethod 7081 0x0000000003f82250 code [0x0000000003f823c0, 0x0000000003f82630]
Event: 9.584 Thread 0x000000001ea95000 7082       3       org.apache.commons.compress.archivers.zip.StreamCompressor::deflate (33 bytes)

GC Heap History (10 events):
Event: 3.551 GC heap before
{Heap before GC invocations=5 (full 0):
 PSYoungGen      total 141824K, used 78549K [0x000000076ae00000, 0x0000000774300000, 0x00000007c0000000)
  eden space 131072K, 51% used [0x000000076ae00000,0x000000076f03d6c8,0x0000000772e00000)
  from space 10752K, 99% used [0x0000000773880000,0x00000007742f8070,0x0000000774300000)
  to   space 10752K, 0% used [0x0000000772e00000,0x0000000772e00000,0x0000000773880000)
 ParOldGen       total 175104K, used 11195K [0x00000006c0a00000, 0x00000006cb500000, 0x000000076ae00000)
  object space 175104K, 6% used [0x00000006c0a00000,0x00000006c14eedf8,0x00000006cb500000)
 Metaspace       used 20611K, capacity 21150K, committed 21296K, reserved 1069056K
  class space    used 2451K, capacity 2631K, committed 2688K, reserved 1048576K
Event: 3.564 GC heap after
Heap after GC invocations=5 (full 0):
 PSYoungGen      total 141824K, used 10746K [0x000000076ae00000, 0x0000000774300000, 0x00000007c0000000)
  eden space 131072K, 0% used [0x000000076ae00000,0x000000076ae00000,0x0000000772e00000)
  from space 10752K, 99% used [0x0000000772e00000,0x000000077387eb68,0x0000000773880000)
  to   space 10752K, 0% used [0x0000000773880000,0x0000000773880000,0x0000000774300000)
 ParOldGen       total 175104K, used 15824K [0x00000006c0a00000, 0x00000006cb500000, 0x000000076ae00000)
  object space 175104K, 9% used [0x00000006c0a00000,0x00000006c1974050,0x00000006cb500000)
 Metaspace       used 20611K, capacity 21150K, committed 21296K, reserved 1069056K
  class space    used 2451K, capacity 2631K, committed 2688K, reserved 1048576K
}
Event: 3.564 GC heap before
{Heap before GC invocations=6 (full 1):
 PSYoungGen      total 141824K, used 10746K [0x000000076ae00000, 0x0000000774300000, 0x00000007c0000000)
  eden space 131072K, 0% used [0x000000076ae00000,0x000000076ae00000,0x0000000772e00000)
  from space 10752K, 99% used [0x0000000772e00000,0x000000077387eb68,0x0000000773880000)
  to   space 10752K, 0% used [0x0000000773880000,0x0000000773880000,0x0000000774300000)
 ParOldGen       total 175104K, used 15824K [0x00000006c0a00000, 0x00000006cb500000, 0x000000076ae00000)
  object space 175104K, 9% used [0x00000006c0a00000,0x00000006c1974050,0x00000006cb500000)
 Metaspace       used 20611K, capacity 21150K, committed 21296K, reserved 1069056K
  class space    used 2451K, capacity 2631K, committed 2688K, reserved 1048576K
Event: 3.639 GC heap after
Heap after GC invocations=6 (full 1):
 PSYoungGen      total 141824K, used 0K [0x000000076ae00000, 0x0000000774300000, 0x00000007c0000000)
  eden space 131072K, 0% used [0x000000076ae00000,0x000000076ae00000,0x0000000772e00000)
  from space 10752K, 0% used [0x0000000772e00000,0x0000000772e00000,0x0000000773880000)
  to   space 10752K, 0% used [0x0000000773880000,0x0000000773880000,0x0000000774300000)
 ParOldGen       total 135680K, used 23722K [0x00000006c0a00000, 0x00000006c8e80000, 0x000000076ae00000)
  object space 135680K, 17% used [0x00000006c0a00000,0x00000006c212aa70,0x00000006c8e80000)
 Metaspace       used 20611K, capacity 21150K, committed 21296K, reserved 1069056K
  class space    used 2451K, capacity 2631K, committed 2688K, reserved 1048576K
}
Event: 5.593 GC heap before
{Heap before GC invocations=7 (full 1):
 PSYoungGen      total 141824K, used 131072K [0x000000076ae00000, 0x0000000774300000, 0x00000007c0000000)
  eden space 131072K, 100% used [0x000000076ae00000,0x0000000772e00000,0x0000000772e00000)
  from space 10752K, 0% used [0x0000000772e00000,0x0000000772e00000,0x0000000773880000)
  to   space 10752K, 0% used [0x0000000773880000,0x0000000773880000,0x0000000774300000)
 ParOldGen       total 135680K, used 23722K [0x00000006c0a00000, 0x00000006c8e80000, 0x000000076ae00000)
  object space 135680K, 17% used [0x00000006c0a00000,0x00000006c212aa70,0x00000006c8e80000)
 Metaspace       used 24275K, capacity 24936K, committed 25088K, reserved 1071104K
  class space    used 2803K, capacity 2996K, committed 3072K, reserved 1048576K
Event: 5.605 GC heap after
Heap after GC invocations=7 (full 1):
 PSYoungGen      total 131072K, used 10745K [0x000000076ae00000, 0x0000000778880000, 0x00000007c0000000)
  eden space 120320K, 0% used [0x000000076ae00000,0x000000076ae00000,0x0000000772380000)
  from space 10752K, 99% used [0x0000000773880000,0x00000007742fe498,0x0000000774300000)
  to   space 21504K, 0% used [0x0000000772380000,0x0000000772380000,0x0000000773880000)
 ParOldGen       total 135680K, used 33025K [0x00000006c0a00000, 0x00000006c8e80000, 0x000000076ae00000)
  object space 135680K, 24% used [0x00000006c0a00000,0x00000006c2a407b0,0x00000006c8e80000)
 Metaspace       used 24275K, capacity 24936K, committed 25088K, reserved 1071104K
  class space    used 2803K, capacity 2996K, committed 3072K, reserved 1048576K
}
Event: 6.577 GC heap before
{Heap before GC invocations=8 (full 1):
 PSYoungGen      total 131072K, used 131065K [0x000000076ae00000, 0x0000000778880000, 0x00000007c0000000)
  eden space 120320K, 100% used [0x000000076ae00000,0x0000000772380000,0x0000000772380000)
  from space 10752K, 99% used [0x0000000773880000,0x00000007742fe498,0x0000000774300000)
  to   space 21504K, 0% used [0x0000000772380000,0x0000000772380000,0x0000000773880000)
 ParOldGen       total 135680K, used 33025K [0x00000006c0a00000, 0x00000006c8e80000, 0x000000076ae00000)
  object space 135680K, 24% used [0x00000006c0a00000,0x00000006c2a407b0,0x00000006c8e80000)
 Metaspace       used 24887K, capacity 25638K, committed 25856K, reserved 1073152K
  class space    used 2857K, capacity 3056K, committed 3072K, reserved 1048576K
Event: 6.586 GC heap after
Heap after GC invocations=8 (full 1):
 PSYoungGen      total 141824K, used 17576K [0x000000076ae00000, 0x0000000777900000, 0x00000007c0000000)
  eden space 120320K, 0% used [0x000000076ae00000,0x000000076ae00000,0x0000000772380000)
  from space 21504K, 81% used [0x0000000772380000,0x00000007734aa028,0x0000000773880000)
  to   space 22016K, 0% used [0x0000000776380000,0x0000000776380000,0x0000000777900000)
 ParOldGen       total 135680K, used 33052K [0x00000006c0a00000, 0x00000006c8e80000, 0x000000076ae00000)
  object space 135680K, 24% used [0x00000006c0a00000,0x00000006c2a473e0,0x00000006c8e80000)
 Metaspace       used 24887K, capacity 25638K, committed 25856K, reserved 1073152K
  class space    used 2857K, capacity 3056K, committed 3072K, reserved 1048576K
}
Event: 7.964 GC heap before
{Heap before GC invocations=9 (full 1):
 PSYoungGen      total 141824K, used 137896K [0x000000076ae00000, 0x0000000777900000, 0x00000007c0000000)
  eden space 120320K, 100% used [0x000000076ae00000,0x0000000772380000,0x0000000772380000)
  from space 21504K, 81% used [0x0000000772380000,0x00000007734aa028,0x0000000773880000)
  to   space 22016K, 0% used [0x0000000776380000,0x0000000776380000,0x0000000777900000)
 ParOldGen       total 135680K, used 33052K [0x00000006c0a00000, 0x00000006c8e80000, 0x000000076ae00000)
  object space 135680K, 24% used [0x00000006c0a00000,0x00000006c2a473e0,0x00000006c8e80000)
 Metaspace       used 26440K, capacity 27276K, committed 27392K, reserved 1073152K
  class space    used 2975K, capacity 3217K, committed 3328K, reserved 1048576K
Event: 7.980 GC heap after
Heap after GC invocations=9 (full 1):
 PSYoungGen      total 181248K, used 22003K [0x000000076ae00000, 0x0000000778180000, 0x00000007c0000000)
  eden space 159232K, 0% used [0x000000076ae00000,0x000000076ae00000,0x0000000774980000)
  from space 22016K, 99% used [0x0000000776380000,0x00000007778fccd0,0x0000000777900000)
  to   space 26624K, 0% used [0x0000000774980000,0x0000000774980000,0x0000000776380000)
 ParOldGen       total 135680K, used 38144K [0x00000006c0a00000, 0x00000006c8e80000, 0x000000076ae00000)
  object space 135680K, 28% used [0x00000006c0a00000,0x00000006c2f40358,0x00000006c8e80000)
 Metaspace       used 26440K, capacity 27276K, committed 27392K, reserved 1073152K
  class space    used 2975K, capacity 3217K, committed 3328K, reserved 1048576K
}

Deoptimization events (10 events):
Event: 9.148 Thread 0x0000000002f42800 Uncommon trap: reason=class_check action=maybe_recompile pc=0x0000000003610834 method=com.google.inject.internal.MoreTypes.getRawType(Ljava/lang/reflect/Type;)Ljava/lang/Class; @ 13
Event: 9.149 Thread 0x0000000002f42800 Uncommon trap: reason=class_check action=maybe_recompile pc=0x0000000003610834 method=com.google.inject.internal.MoreTypes.getRawType(Ljava/lang/reflect/Type;)Ljava/lang/Class; @ 13
Event: 9.152 Thread 0x0000000002f42800 Uncommon trap: reason=class_check action=maybe_recompile pc=0x0000000003610834 method=com.google.inject.internal.MoreTypes.getRawType(Ljava/lang/reflect/Type;)Ljava/lang/Class; @ 13
Event: 9.166 Thread 0x00000000236ce800 Uncommon trap: reason=null_check action=make_not_entrant pc=0x00000000032b6b78 method=java.lang.StringCoding.deref(Ljava/lang/ThreadLocal;)Ljava/lang/Object; @ 4
Event: 9.166 Thread 0x00000000236ce800 Uncommon trap: reason=class_check action=maybe_recompile pc=0x0000000003638f34 method=java.lang.StringCoding$StringDecoder.decode([BII)[C @ 30
Event: 9.257 Thread 0x0000000002f42800 Uncommon trap: reason=array_check action=maybe_recompile pc=0x0000000003263bf0 method=java.util.TimSort.binarySort([Ljava/lang/Object;IIILjava/util/Comparator;)V @ 215
Event: 9.257 Thread 0x0000000002f42800 Uncommon trap: reason=array_check action=maybe_recompile pc=0x0000000003263bf0 method=java.util.TimSort.binarySort([Ljava/lang/Object;IIILjava/util/Comparator;)V @ 215
Event: 9.361 Thread 0x0000000002f42800 Uncommon trap: reason=unstable_if action=reinterpret pc=0x0000000003e2c994 method=org.apache.maven.model.Contributor.clone()Lorg/apache/maven/model/Contributor; @ 65
Event: 9.370 Thread 0x0000000002f42800 Uncommon trap: reason=unstable_if action=reinterpret pc=0x0000000003ed0f80 method=java.util.StringTokenizer.setMaxDelimCodePoint()V @ 71
Event: 9.372 Thread 0x0000000002f42800 Uncommon trap: reason=unstable_if action=reinterpret pc=0x0000000003e774e8 method=java.io.BufferedReader.readLine(Z)Ljava/lang/String; @ 160

Classes redefined (0 events):
No events

Internal exceptions (10 events):
Event: 5.904 Thread 0x0000000002f42800 Exception <a 'java/lang/NullPointerException'> (0x000000076cde8540) thrown at [C:\re\workspace\8-2-build-windows-amd64-cygwin\jdk8u221\13320\hotspot\src\share\vm\runtime\sharedRuntime.cpp, line 605]
Event: 5.906 Thread 0x0000000002f42800 NullPointerException in IC check 0x0000000003242200
Event: 5.906 Thread 0x0000000002f42800 Exception <a 'java/lang/NullPointerException'> (0x000000076ce15db8) thrown at [C:\re\workspace\8-2-build-windows-amd64-cygwin\jdk8u221\13320\hotspot\src\share\vm\runtime\sharedRuntime.cpp, line 605]
Event: 6.327 Thread 0x0000000002f42800 Implicit null exception at 0x000000000369f30f to 0x000000000369f411
Event: 6.697 Thread 0x0000000002f42800 Implicit null exception at 0x000000000377713e to 0x0000000003778039
Event: 6.697 Thread 0x0000000002f42800 Implicit null exception at 0x00000000032f2b4c to 0x00000000032f2b8d
Event: 8.042 Thread 0x0000000002f42800 Exception <a 'java/io/FileNotFoundException'> (0x000000076b131418) thrown at [C:\re\workspace\8-2-build-windows-amd64-cygwin\jdk8u221\13320\hotspot\src\share\vm\prims\jni.cpp, line 710]
Event: 8.043 Thread 0x0000000002f42800 Exception <a 'java/io/FileNotFoundException'> (0x000000076b132d38) thrown at [C:\re\workspace\8-2-build-windows-amd64-cygwin\jdk8u221\13320\hotspot\src\share\vm\prims\jni.cpp, line 710]
Event: 9.155 Thread 0x0000000002f42800 Exception <a 'java/lang/NoSuchMethodError': org.apache.maven.execution.MavenExecutionRequest.getFailureBehavior()Ljava/lang/String;> (0x000000076f7828b0) thrown at [C:\re\workspace\8-2-build-windows-amd64-cygwin\jdk8u221\13320\hotspot\src\share\vm\interpr
Event: 9.166 Thread 0x00000000236ce800 Implicit null exception at 0x00000000032b62da to 0x00000000032b6b69

Events (10 events):
Event: 9.545 Thread 0x00000000231ad800 Thread added: 0x00000000231ad800
Event: 9.545 Thread 0x00000000257e5800 Thread added: 0x00000000257e5800
Event: 9.546 Executing VM operation: RevokeBias
Event: 9.546 Executing VM operation: RevokeBias done
Event: 9.546 Thread 0x000000001fc0a000 Thread added: 0x000000001fc0a000
Event: 9.547 Thread 0x0000000024878800 Thread added: 0x0000000024878800
Event: 9.547 Thread 0x0000000021671800 Thread added: 0x0000000021671800
Event: 9.548 Thread 0x0000000020270000 Thread added: 0x0000000020270000
Event: 9.548 Thread 0x00000000236ce800 Thread added: 0x00000000236ce800
Event: 9.549 Thread 0x00000000277c6800 Thread added: 0x00000000277c6800


Dynamic libraries:
0x00007ff6240a0000 - 0x00007ff6240d7000 	C:\Program Files\Java\jdk1.8.0_221\bin\java.exe
0x00007ff966a60000 - 0x00007ff966c50000 	C:\WINDOWS\SYSTEM32\ntdll.dll
0x00007ff965740000 - 0x00007ff9657f2000 	C:\WINDOWS\System32\KERNEL32.DLL
0x00007ff963f30000 - 0x00007ff9641d3000 	C:\WINDOWS\System32\KERNELBASE.dll
0x00007ff964fe0000 - 0x00007ff965083000 	C:\WINDOWS\System32\ADVAPI32.dll
0x00007ff965870000 - 0x00007ff96590e000 	C:\WINDOWS\System32\msvcrt.dll
0x00007ff9663c0000 - 0x00007ff966457000 	C:\WINDOWS\System32\sechost.dll
0x00007ff9655e0000 - 0x00007ff965700000 	C:\WINDOWS\System32\RPCRT4.dll
0x00007ff966460000 - 0x00007ff9665f4000 	C:\WINDOWS\System32\USER32.dll
0x00007ff964ae0000 - 0x00007ff964b01000 	C:\WINDOWS\System32\win32u.dll
0x00007ff965700000 - 0x00007ff965726000 	C:\WINDOWS\System32\GDI32.dll
0x00007ff963cc0000 - 0x00007ff963e54000 	C:\WINDOWS\System32\gdi32full.dll
0x00007ff963e90000 - 0x00007ff963f2e000 	C:\WINDOWS\System32\msvcp_win.dll
0x00007ff963bc0000 - 0x00007ff963cba000 	C:\WINDOWS\System32\ucrtbase.dll
0x00007ff955e70000 - 0x00007ff9560f5000 	C:\WINDOWS\WinSxS\amd64_microsoft.windows.common-controls_6595b64144ccf1df_6.0.18362.418_none_e6c6b287130d565d\COMCTL32.dll
0x00007ff965270000 - 0x00007ff9655a6000 	C:\WINDOWS\System32\combase.dll
0x00007ff963b40000 - 0x00007ff963bc0000 	C:\WINDOWS\System32\bcryptPrimitives.dll
0x00007ff9655b0000 - 0x00007ff9655de000 	C:\WINDOWS\System32\IMM32.DLL
0x0000000060d20000 - 0x0000000060df2000 	C:\Program Files\Java\jdk1.8.0_221\jre\bin\msvcr100.dll
0x0000000060130000 - 0x00000000609d5000 	C:\Program Files\Java\jdk1.8.0_221\jre\bin\server\jvm.dll
0x00007ff965240000 - 0x00007ff965248000 	C:\WINDOWS\System32\PSAPI.DLL
0x00007ff961870000 - 0x00007ff961894000 	C:\WINDOWS\SYSTEM32\WINMM.dll
0x00007ff9537c0000 - 0x00007ff9537c9000 	C:\WINDOWS\SYSTEM32\WSOCK32.dll
0x00007ff95dd20000 - 0x00007ff95dd2a000 	C:\WINDOWS\SYSTEM32\VERSION.dll
0x00007ff965800000 - 0x00007ff96586f000 	C:\WINDOWS\System32\WS2_32.dll
0x00007ff9614d0000 - 0x00007ff9614fd000 	C:\WINDOWS\SYSTEM32\winmmbase.dll
0x00007ff9641e0000 - 0x00007ff96422a000 	C:\WINDOWS\System32\cfgmgr32.dll
0x00007ff95c640000 - 0x00007ff95c64f000 	C:\Program Files\Java\jdk1.8.0_221\jre\bin\verify.dll
0x00007ff9506b0000 - 0x00007ff9506d9000 	C:\Program Files\Java\jdk1.8.0_221\jre\bin\java.dll
0x00007ff953510000 - 0x00007ff953526000 	C:\Program Files\Java\jdk1.8.0_221\jre\bin\zip.dll
0x00007ff965910000 - 0x00007ff965ff5000 	C:\WINDOWS\System32\SHELL32.dll
0x00007ff9661d0000 - 0x00007ff966279000 	C:\WINDOWS\System32\shcore.dll
0x00007ff964290000 - 0x00007ff964a0f000 	C:\WINDOWS\System32\windows.storage.dll
0x00007ff963990000 - 0x00007ff9639af000 	C:\WINDOWS\System32\profapi.dll
0x00007ff963940000 - 0x00007ff96398a000 	C:\WINDOWS\System32\powrprof.dll
0x00007ff963930000 - 0x00007ff963940000 	C:\WINDOWS\System32\UMPDC.dll
0x00007ff9668e0000 - 0x00007ff966932000 	C:\WINDOWS\System32\shlwapi.dll
0x00007ff9639d0000 - 0x00007ff9639e1000 	C:\WINDOWS\System32\kernel.appcore.dll
0x00007ff964ac0000 - 0x00007ff964ad7000 	C:\WINDOWS\System32\cryptsp.dll
0x00007ff9603e0000 - 0x00007ff9603ea000 	G:\Apache\maven\lib\jansi-native\windows64\jansi.dll
0x00007ff9505c0000 - 0x00007ff9505da000 	C:\Program Files\Java\jdk1.8.0_221\jre\bin\net.dll
0x00007ff9576a0000 - 0x00007ff957876000 	C:\WINDOWS\SYSTEM32\urlmon.dll
0x00007ff9580a0000 - 0x00007ff958346000 	C:\WINDOWS\SYSTEM32\iertutil.dll
0x00007ff9632e0000 - 0x00007ff9632ec000 	C:\WINDOWS\SYSTEM32\CRYPTBASE.DLL
0x00007ff963110000 - 0x00007ff963177000 	C:\WINDOWS\system32\mswsock.dll
0x00007ff94c1a0000 - 0x00007ff94c1b2000 	C:\Program Files\Java\jdk1.8.0_221\jre\bin\nio.dll
0x00007ff953670000 - 0x00007ff95367d000 	C:\Program Files\Java\jdk1.8.0_221\jre\bin\management.dll
0x00007ff951480000 - 0x00007ff951496000 	C:\WINDOWS\system32\napinsp.dll
0x00007ff951460000 - 0x00007ff95147a000 	C:\WINDOWS\system32\pnrpnsp.dll
0x00007ff962e60000 - 0x00007ff962f2a000 	C:\WINDOWS\SYSTEM32\DNSAPI.dll
0x00007ff966000000 - 0x00007ff966008000 	C:\WINDOWS\System32\NSI.dll
0x00007ff962e20000 - 0x00007ff962e5a000 	C:\WINDOWS\SYSTEM32\IPHLPAPI.DLL
0x00007ff9512b0000 - 0x00007ff9512be000 	C:\WINDOWS\System32\winrnr.dll
0x00007ff9600f0000 - 0x00007ff96010c000 	C:\WINDOWS\system32\NLAapi.dll
0x00007ff9511b0000 - 0x00007ff9511c5000 	C:\WINDOWS\system32\wshbth.dll
0x00007ff959890000 - 0x00007ff95989a000 	C:\Windows\System32\rasadhlp.dll
0x00007ff95d440000 - 0x00007ff95d4b7000 	C:\WINDOWS\System32\fwpuclnt.dll
0x00007ff963e60000 - 0x00007ff963e86000 	C:\WINDOWS\System32\bcrypt.dll

VM Arguments:
jvm_args: -Dclassworlds.conf=G:\Apache\maven\bin\..\bin\m2.conf -Dmaven.home=G:\Apache\maven\bin\.. -Dlibrary.jansi.path=G:\Apache\maven\bin\..\lib\jansi-native -Dmaven.multiModuleProjectDirectory=F:\IdeaProjects\kaptcha_jwt2 
java_command: org.codehaus.plexus.classworlds.launcher.Launcher clean package -DskipTests=true
java_class_path (initial): G:\Apache\maven\bin\..\boot\plexus-classworlds-2.6.0.jar
Launcher Type: SUN_STANDARD

Environment Variables:
JAVA_HOME=C:\Program Files\Java\jdk1.8.0_221
CLASSPATH=.;C:\Program Files\Java\jdk1.8.0_221\lib;C:\Program Files\Java\jdk1.8.0_221\lib\tools.jar;
PATH=C:\Program Files\JetBrains\IntelliJ IDEA 2019.2\jbr\\bin;C:\Program Files\JetBrains\IntelliJ IDEA 2019.2\jbr\\bin\server;C:\Program Files\Java\jdk1.8.0_221\bin;C:\Program Files (x86)\Common Files\Oracle\Java\javapath;C:\Windows\system32;C:\Windows;C:\Windows\System32\Wbem;C:\Windows\System32\WindowsPowerShell\v1.0\;C:\Windows\System32\OpenSSH\;C:\Program Files (x86)\NVIDIA Corporation\PhysX\Common;C:\Program Files\NVIDIA Corporation\NVIDIA NvDLISR;E:\apache-tomcat-8.0.24\bin\;G:\Apache\maven\bin\;G:\mysql-8.0.17-winx64\bin;G:\NodeJS\;C:\ProgramData\chocolatey\bin;G:\Redis-x64-3.2.100;C:\WINDOWS\system32;C:\WINDOWS;C:\WINDOWS\System32\Wbem;C:\WINDOWS\System32\WindowsPowerShell\v1.0\;C:\WINDOWS\System32\OpenSSH\;G:\Git\cmd;G:\Git\mingw64\bin;G:\Git\usr\bin;C:\Users\Administrator\AppData\Local\Microsoft\WindowsApps;;C:\Program Files\JetBrains\IntelliJ IDEA 2019.2\bin;;G:\Microsoft VS Code\bin;C:\Users\Administrator\AppData\Roaming\npm
USERNAME=Administrator
OS=Windows_NT
PROCESSOR_IDENTIFIER=Intel64 Family 6 Model 158 Stepping 9, GenuineIntel



---------------  S Y S T E M  ---------------

OS: Windows 10.0 , 64 bit Build 18362 (10.0.18362.329)

CPU:total 8 (initial active 8) (4 cores per cpu, 2 threads per core) family 6 model 158 stepping 9, cmov, cx8, fxsr, mmx, sse, sse2, sse3, ssse3, sse4.1, sse4.2, popcnt, avx, avx2, aes, clmul, erms, rtm, 3dnowpref, lzcnt, ht, tsc, tscinvbit, bmi1, bmi2, adx

Memory: 4k page, physical 16736000k(3906820k free), swap 27148688k(6136k free)

vm_info: Java HotSpot(TM) 64-Bit Server VM (25.221-b11) for windows-amd64 JRE (1.8.0_221-b11), built on Jul  4 2019 04:39:29 by "java_re" with MS VC++ 10.0 (VS2010)

time: Thu Nov 14 18:11:39 2019
timezone: 中国标准时间
elapsed time: 9 seconds (0d 0h 0m 9s)

