#
# There is insufficient memory for the Java Runtime Environment to continue.
# Native memory allocation (malloc) failed to allocate 816096 bytes for Chunk::new
# Possible reasons:
#   The system is out of physical RAM or swap space
#   The process is running with CompressedOops enabled, and the Java Heap may be blocking the growth of the native heap
# Possible solutions:
#   Reduce memory load on the system
#   Increase physical memory or swap space
#   Check if swap backing store is full
#   Decrease Java heap size (-Xmx/-Xms)
#   Decrease number of Java threads
#   Decrease Java thread stack sizes (-Xss)
#   Set larger code cache with -XX:ReservedCodeCacheSize=
#   JVM is running with Zero Based Compressed Oops mode in which the Java heap is
#     placed in the first 32GB address space. The Java Heap base address is the
#     maximum limit for the native heap growth. Please use -XX:HeapBaseMinAddress
#     to set the Java Heap base and to place the Java Heap above 32GB virtual address.
# This output file may be truncated or incomplete.
#
#  Out of Memory Error (allocation.cpp:389), pid=67868, tid=0x0000000000010834
#
# JRE version: Java(TM) SE Runtime Environment (8.0_221-b11) (build 1.8.0_221-b11)
# Java VM: Java HotSpot(TM) 64-Bit Server VM (25.221-b11 mixed mode windows-amd64 compressed oops)
# Failed to write core dump. Minidumps are not enabled by default on client versions of Windows
#

---------------  T H R E A D  ---------------

Current thread (0x000000001e306800):  JavaThread "C2 CompilerThread0" daemon [_thread_in_native, id=67636, stack(0x000000001eb30000,0x000000001ec30000)]

Stack: [0x000000001eb30000,0x000000001ec30000]
[error occurred during error reporting (printing stack bounds), id 0xc0000005]

Native frames: (J=compiled Java code, j=interpreted, Vv=VM code, C=native code)


Current CompileTask:
C2:  12159 7455   !   4       com.google.inject.spi.InjectionPoint::getInjectionPoints (489 bytes)


---------------  P R O C E S S  ---------------

Java Threads: ( => current thread )
  0x000000001e3f8800 JavaThread "Service Thread" daemon [_thread_blocked, id=53320, stack(0x000000001ef30000,0x000000001f030000)]
  0x000000001e36d800 JavaThread "C1 CompilerThread3" daemon [_thread_blocked, id=51296, stack(0x000000001ee30000,0x000000001ef30000)]
  0x000000001e364000 JavaThread "C2 CompilerThread2" daemon [_thread_in_native, id=62420, stack(0x000000001ed30000,0x000000001ee30000)]
  0x000000001e309800 JavaThread "C2 CompilerThread1" daemon [_thread_blocked, id=67032, stack(0x000000001ec30000,0x000000001ed30000)]
=>0x000000001e306800 JavaThread "C2 CompilerThread0" daemon [_thread_in_native, id=67636, stack(0x000000001eb30000,0x000000001ec30000)]
  0x000000001e362800 JavaThread "Attach Listener" daemon [_thread_blocked, id=67808, stack(0x000000001ea30000,0x000000001eb30000)]
  0x000000001e361800 JavaThread "Signal Dispatcher" daemon [_thread_blocked, id=44156, stack(0x000000001e930000,0x000000001ea30000)]
  0x000000001e2f0800 JavaThread "Finalizer" daemon [_thread_blocked, id=67524, stack(0x000000001e7d0000,0x000000001e8d0000)]
  0x000000001c4dc800 JavaThread "Reference Handler" daemon [_thread_blocked, id=66336, stack(0x000000001e6d0000,0x000000001e7d0000)]
  0x00000000028d2800 JavaThread "main" [_thread_in_native, id=23732, stack(0x0000000002440000,0x0000000002540000)]

Other Threads:
  0x000000001c4d8800 VMThread [stack: 0x000000001e1d0000,0x000000001e2d0000] [id=64584]
  0x000000001e43e000 WatcherThread [stack: 0x000000001f030000,0x000000001f130000] [id=60844]

VM state:not at safepoint (normal execution)

VM Mutex/Monitor currently owned by a thread: None

heap address: 0x00000006c0a00000, size: 4086 MB, Compressed Oops mode: Zero based, Oop shift amount: 3
Narrow klass base: 0x0000000000000000, Narrow klass shift: 3
Compressed class space size: 1073741824 Address: 0x00000007c0000000

Heap:
 PSYoungGen      total 354816K, used 76715K [0x000000076ae00000, 0x0000000782e00000, 0x00000007c0000000)
  eden space 328704K, 15% used [0x000000076ae00000,0x000000076df6f398,0x000000077ef00000)
  from space 26112K, 99% used [0x0000000781000000,0x000000078297bac0,0x0000000782980000)
  to   space 32256K, 0% used [0x000000077ef00000,0x000000077ef00000,0x0000000780e80000)
 ParOldGen       total 143872K, used 41595K [0x00000006c0a00000, 0x00000006c9680000, 0x000000076ae00000)
  object space 143872K, 28% used [0x00000006c0a00000,0x00000006c329ec48,0x00000006c9680000)
 Metaspace       used 31341K, capacity 32458K, committed 32640K, reserved 1077248K
  class space    used 3632K, capacity 3938K, committed 3968K, reserved 1048576K

Card table byte_map: [0x0000000011d90000,0x0000000012590000] byte_map_base: 0x000000000e78b000

Marking Bits: (ParMarkBitMap*) 0x0000000060955ce0
 Begin Bits: [0x00000000132f0000, 0x00000000172c8000)
 End Bits:   [0x00000000172c8000, 0x000000001b2a0000)

Polling page: 0x0000000000790000

CodeCache: size=245760Kb used=23562Kb max_used=23581Kb free=222197Kb
 bounds [0x00000000029d0000, 0x0000000004100000, 0x00000000119d0000]
 total_blobs=6649 nmethods=6192 adapters=369
 compilation: enabled

Compilation events (10 events):
Event: 12.126 Thread 0x000000001e36d800 7487       1       org.eclipse.sisu.space.LoadedClass::load (5 bytes)
Event: 12.126 Thread 0x000000001e36d800 nmethod 7487 0x00000000040e2790 code [0x00000000040e28e0, 0x00000000040e29f0]
Event: 12.126 Thread 0x000000001e36d800 7488   !   3       com.google.inject.internal.InjectorImpl::getProvider (46 bytes)
Event: 12.128 Thread 0x000000001e36d800 nmethod 7488 0x00000000040e2a50 code [0x00000000040e2da0, 0x00000000040e4838]
Event: 12.128 Thread 0x000000001e36d800 7489       3       org.eclipse.sisu.plexus.ComponentDescriptorBeanModule$ComponentMetadata::isEmpty (10 bytes)
Event: 12.128 Thread 0x000000001e36d800 nmethod 7489 0x00000000040e5bd0 code [0x00000000040e5d40, 0x00000000040e5f68]
Event: 12.128 Thread 0x000000001e36d800 7490       3       org.eclipse.sisu.plexus.ComponentDescriptorBeanModule$ComponentMetadata::getRequirement (44 bytes)
Event: 12.128 Thread 0x000000001e36d800 nmethod 7490 0x00000000040e6010 code [0x00000000040e61c0, 0x00000000040e6788]
Event: 12.128 Thread 0x000000001e36d800 7491       1       org.apache.maven.plugin.descriptor.MojoDescriptor::getGoal (5 bytes)
Event: 12.128 Thread 0x000000001e36d800 nmethod 7491 0x00000000040e6950 code [0x00000000040e6aa0, 0x00000000040e6bb0]

GC Heap History (10 events):
Event: 3.324 GC heap before
{Heap before GC invocations=3 (full 0):
 PSYoungGen      total 141824K, used 141797K [0x000000076ae00000, 0x0000000774300000, 0x00000007c0000000)
  eden space 131072K, 100% used [0x000000076ae00000,0x0000000772e00000,0x0000000772e00000)
  from space 10752K, 99% used [0x0000000773880000,0x00000007742f96f0,0x0000000774300000)
  to   space 10752K, 0% used [0x0000000772e00000,0x0000000772e00000,0x0000000773880000)
 ParOldGen       total 175104K, used 1204K [0x00000006c0a00000, 0x00000006cb500000, 0x000000076ae00000)
  object space 175104K, 0% used [0x00000006c0a00000,0x00000006c0b2d158,0x00000006cb500000)
 Metaspace       used 16035K, capacity 16336K, committed 16640K, reserved 1064960K
  class space    used 1873K, capacity 1986K, committed 2048K, reserved 1048576K
Event: 3.349 GC heap after
Heap after GC invocations=3 (full 0):
 PSYoungGen      total 141824K, used 10736K [0x000000076ae00000, 0x000000077c300000, 0x00000007c0000000)
  eden space 131072K, 0% used [0x000000076ae00000,0x000000076ae00000,0x0000000772e00000)
  from space 10752K, 99% used [0x0000000772e00000,0x000000077387c040,0x0000000773880000)
  to   space 10752K, 0% used [0x000000077b880000,0x000000077b880000,0x000000077c300000)
 ParOldGen       total 175104K, used 10401K [0x00000006c0a00000, 0x00000006cb500000, 0x000000076ae00000)
  object space 175104K, 5% used [0x00000006c0a00000,0x00000006c1428738,0x00000006cb500000)
 Metaspace       used 16035K, capacity 16336K, committed 16640K, reserved 1064960K
  class space    used 1873K, capacity 1986K, committed 2048K, reserved 1048576K
}
Event: 4.344 GC heap before
{Heap before GC invocations=4 (full 0):
 PSYoungGen      total 141824K, used 76283K [0x000000076ae00000, 0x000000077c300000, 0x00000007c0000000)
  eden space 131072K, 50% used [0x000000076ae00000,0x000000076ee02bc0,0x0000000772e00000)
  from space 10752K, 99% used [0x0000000772e00000,0x000000077387c040,0x0000000773880000)
  to   space 10752K, 0% used [0x000000077b880000,0x000000077b880000,0x000000077c300000)
 ParOldGen       total 175104K, used 10401K [0x00000006c0a00000, 0x00000006cb500000, 0x000000076ae00000)
  object space 175104K, 5% used [0x00000006c0a00000,0x00000006c1428738,0x00000006cb500000)
 Metaspace       used 20633K, capacity 21150K, committed 21296K, reserved 1069056K
  class space    used 2449K, capacity 2631K, committed 2688K, reserved 1048576K
Event: 4.358 GC heap after
Heap after GC invocations=4 (full 0):
 PSYoungGen      total 272896K, used 10746K [0x000000076ae00000, 0x000000077c300000, 0x00000007c0000000)
  eden space 262144K, 0% used [0x000000076ae00000,0x000000076ae00000,0x000000077ae00000)
  from space 10752K, 99% used [0x000000077b880000,0x000000077c2feb68,0x000000077c300000)
  to   space 10752K, 0% used [0x000000077ae00000,0x000000077ae00000,0x000000077b880000)
 ParOldGen       total 175104K, used 15005K [0x00000006c0a00000, 0x00000006cb500000, 0x000000076ae00000)
  object space 175104K, 8% used [0x00000006c0a00000,0x00000006c18a75a0,0x00000006cb500000)
 Metaspace       used 20633K, capacity 21150K, committed 21296K, reserved 1069056K
  class space    used 2449K, capacity 2631K, committed 2688K, reserved 1048576K
}
Event: 4.359 GC heap before
{Heap before GC invocations=5 (full 1):
 PSYoungGen      total 272896K, used 10746K [0x000000076ae00000, 0x000000077c300000, 0x00000007c0000000)
  eden space 262144K, 0% used [0x000000076ae00000,0x000000076ae00000,0x000000077ae00000)
  from space 10752K, 99% used [0x000000077b880000,0x000000077c2feb68,0x000000077c300000)
  to   space 10752K, 0% used [0x000000077ae00000,0x000000077ae00000,0x000000077b880000)
 ParOldGen       total 175104K, used 15005K [0x00000006c0a00000, 0x00000006cb500000, 0x000000076ae00000)
  object space 175104K, 8% used [0x00000006c0a00000,0x00000006c18a75a0,0x00000006cb500000)
 Metaspace       used 20633K, capacity 21150K, committed 21296K, reserved 1069056K
  class space    used 2449K, capacity 2631K, committed 2688K, reserved 1048576K
Event: 4.486 GC heap after
Heap after GC invocations=5 (full 1):
 PSYoungGen      total 272896K, used 0K [0x000000076ae00000, 0x000000077c300000, 0x00000007c0000000)
  eden space 262144K, 0% used [0x000000076ae00000,0x000000076ae00000,0x000000077ae00000)
  from space 10752K, 0% used [0x000000077b880000,0x000000077b880000,0x000000077c300000)
  to   space 10752K, 0% used [0x000000077ae00000,0x000000077ae00000,0x000000077b880000)
 ParOldGen       total 143872K, used 23715K [0x00000006c0a00000, 0x00000006c9680000, 0x000000076ae00000)
  object space 143872K, 16% used [0x00000006c0a00000,0x00000006c2128ef8,0x00000006c9680000)
 Metaspace       used 20633K, capacity 21150K, committed 21296K, reserved 1069056K
  class space    used 2449K, capacity 2631K, committed 2688K, reserved 1048576K
}
Event: 7.568 GC heap before
{Heap before GC invocations=6 (full 1):
 PSYoungGen      total 272896K, used 262144K [0x000000076ae00000, 0x000000077c300000, 0x00000007c0000000)
  eden space 262144K, 100% used [0x000000076ae00000,0x000000077ae00000,0x000000077ae00000)
  from space 10752K, 0% used [0x000000077b880000,0x000000077b880000,0x000000077c300000)
  to   space 10752K, 0% used [0x000000077ae00000,0x000000077ae00000,0x000000077b880000)
 ParOldGen       total 143872K, used 23715K [0x00000006c0a00000, 0x00000006c9680000, 0x000000076ae00000)
  object space 143872K, 16% used [0x00000006c0a00000,0x00000006c2128ef8,0x00000006c9680000)
 Metaspace       used 24973K, capacity 25702K, committed 25856K, reserved 1073152K
  class space    used 2856K, capacity 3056K, committed 3072K, reserved 1048576K
Event: 7.586 GC heap after
Heap after GC invocations=6 (full 1):
 PSYoungGen      total 272896K, used 10749K [0x000000076ae00000, 0x0000000782980000, 0x00000007c0000000)
  eden space 262144K, 0% used [0x000000076ae00000,0x000000076ae00000,0x000000077ae00000)
  from space 10752K, 99% used [0x000000077ae00000,0x000000077b87f6a8,0x000000077b880000)
  to   space 26112K, 0% used [0x0000000781000000,0x0000000781000000,0x0000000782980000)
 ParOldGen       total 143872K, used 37364K [0x00000006c0a00000, 0x00000006c9680000, 0x000000076ae00000)
  object space 143872K, 25% used [0x00000006c0a00000,0x00000006c2e7d350,0x00000006c9680000)
 Metaspace       used 24973K, capacity 25702K, committed 25856K, reserved 1073152K
  class space    used 2856K, capacity 3056K, committed 3072K, reserved 1048576K
}
Event: 11.321 GC heap before
{Heap before GC invocations=7 (full 1):
 PSYoungGen      total 272896K, used 272893K [0x000000076ae00000, 0x0000000782980000, 0x00000007c0000000)
  eden space 262144K, 100% used [0x000000076ae00000,0x000000077ae00000,0x000000077ae00000)
  from space 10752K, 99% used [0x000000077ae00000,0x000000077b87f6a8,0x000000077b880000)
  to   space 26112K, 0% used [0x0000000781000000,0x0000000781000000,0x0000000782980000)
 ParOldGen       total 143872K, used 37364K [0x00000006c0a00000, 0x00000006c9680000, 0x000000076ae00000)
  object space 143872K, 25% used [0x00000006c0a00000,0x00000006c2e7d350,0x00000006c9680000)
 Metaspace       used 29943K, capacity 30970K, committed 31104K, reserved 1077248K
  class space    used 3405K, capacity 3698K, committed 3712K, reserved 1048576K
Event: 11.339 GC heap after
Heap after GC invocations=7 (full 1):
 PSYoungGen      total 354816K, used 26094K [0x000000076ae00000, 0x0000000782e00000, 0x00000007c0000000)
  eden space 328704K, 0% used [0x000000076ae00000,0x000000076ae00000,0x000000077ef00000)
  from space 26112K, 99% used [0x0000000781000000,0x000000078297bac0,0x0000000782980000)
  to   space 32256K, 0% used [0x000000077ef00000,0x000000077ef00000,0x0000000780e80000)
 ParOldGen       total 143872K, used 41595K [0x00000006c0a00000, 0x00000006c9680000, 0x000000076ae00000)
  object space 143872K, 28% used [0x00000006c0a00000,0x00000006c329ec48,0x00000006c9680000)
 Metaspace       used 29943K, capacity 30970K, committed 31104K, reserved 1077248K
  class space    used 3405K, capacity 3698K, committed 3712K, reserved 1048576K
}

Deoptimization events (10 events):
Event: 10.593 Thread 0x00000000028d2800 Uncommon trap: reason=unstable_if action=reinterpret pc=0x00000000036f4e94 method=org.apache.maven.model.Contributor.clone()Lorg/apache/maven/model/Contributor; @ 65
Event: 10.602 Thread 0x00000000028d2800 Uncommon trap: reason=unstable_if action=reinterpret pc=0x00000000037790c0 method=java.util.StringTokenizer.setMaxDelimCodePoint()V @ 71
Event: 10.604 Thread 0x00000000028d2800 Uncommon trap: reason=unstable_if action=reinterpret pc=0x00000000037205e8 method=java.io.BufferedReader.readLine(Z)Ljava/lang/String; @ 160
Event: 11.261 Thread 0x00000000028d2800 Uncommon trap: reason=unstable_if action=reinterpret pc=0x0000000004040f20 method=org.eclipse.sisu.plexus.RealmFilteredBeans$FilteredItr.hasNext()Z @ 57
Event: 11.442 Thread 0x00000000028d2800 Uncommon trap: reason=unstable_if action=reinterpret pc=0x0000000003bd2754 method=java.lang.String.regionMatches(ZILjava/lang/String;II)Z @ 25
Event: 11.681 Thread 0x00000000028d2800 Uncommon trap: reason=array_check action=maybe_recompile pc=0x000000000395f558 method=java.util.TimSort.binarySort([Ljava/lang/Object;IIILjava/util/Comparator;)V @ 215
Event: 11.681 Thread 0x00000000028d2800 Uncommon trap: reason=array_check action=maybe_recompile pc=0x000000000395f558 method=java.util.TimSort.binarySort([Ljava/lang/Object;IIILjava/util/Comparator;)V @ 215
Event: 11.824 Thread 0x00000000028d2800 Uncommon trap: reason=array_check action=maybe_recompile pc=0x0000000003c095dc method=java.util.TimSort.binarySort([Ljava/lang/Object;IIILjava/util/Comparator;)V @ 183
Event: 11.826 Thread 0x00000000028d2800 Uncommon trap: reason=array_check action=maybe_recompile pc=0x0000000003c095dc method=java.util.TimSort.binarySort([Ljava/lang/Object;IIILjava/util/Comparator;)V @ 183
Event: 12.107 Thread 0x00000000028d2800 Uncommon trap: reason=predicate action=maybe_recompile pc=0x00000000040d947c method=java.util.TimSort.reverseRange([Ljava/lang/Object;II)V @ 8

Classes redefined (0 events):
No events

Internal exceptions (10 events):
Event: 10.365 Thread 0x00000000028d2800 Exception <a 'java/lang/NoSuchMethodError': org.apache.maven.execution.MavenExecutionRequest.getFailureBehavior()Ljava/lang/String;> (0x0000000776469af0) thrown at [C:\re\workspace\8-2-build-windows-amd64-cygwin\jdk8u221\13320\hotspot\src\share\vm\interpr
Event: 10.374 Thread 0x000000002645e000 Implicit null exception at 0x0000000003898a1a to 0x00000000038992a9
Event: 11.801 Thread 0x00000000028d2800 Exception <a 'java/lang/NoClassDefFoundError': org/sonatype/aether/metadata/Metadata> (0x000000076d3d6768) thrown at [C:\re\workspace\8-2-build-windows-amd64-cygwin\jdk8u221\13320\hotspot\src\share\vm\classfile\systemDictionary.cpp, line 199]
Event: 11.924 Thread 0x00000000028d2800 Exception <a 'java/lang/NoClassDefFoundError': org/sonatype/aether/resolution/ArtifactDescriptorException> (0x000000076d7632b8) thrown at [C:\re\workspace\8-2-build-windows-amd64-cygwin\jdk8u221\13320\hotspot\src\share\vm\classfile\systemDictionary.cpp, l
Event: 12.001 Thread 0x00000000028d2800 Exception <a 'java/lang/NoClassDefFoundError': org/sonatype/aether/resolution/ArtifactResolutionException> (0x000000076d972ba0) thrown at [C:\re\workspace\8-2-build-windows-amd64-cygwin\jdk8u221\13320\hotspot\src\share\vm\classfile\systemDictionary.cpp, l
Event: 12.024 Thread 0x00000000028d2800 Exception <a 'java/lang/NoClassDefFoundError': org/sonatype/aether/metadata/Metadata> (0x000000076d9a1cc8) thrown at [C:\re\workspace\8-2-build-windows-amd64-cygwin\jdk8u221\13320\hotspot\src\share\vm\classfile\systemDictionary.cpp, line 199]
Event: 12.036 Thread 0x00000000028d2800 Exception <a 'java/lang/NoClassDefFoundError': org/sonatype/aether/collection/DependencyCollectionException> (0x000000076d9f7928) thrown at [C:\re\workspace\8-2-build-windows-amd64-cygwin\jdk8u221\13320\hotspot\src\share\vm\classfile\systemDictionary.cpp,
Event: 12.037 Thread 0x00000000028d2800 Exception <a 'java/lang/NoClassDefFoundError': org/sonatype/aether/deployment/DeploymentException> (0x000000076da0b588) thrown at [C:\re\workspace\8-2-build-windows-amd64-cygwin\jdk8u221\13320\hotspot\src\share\vm\classfile\systemDictionary.cpp, line 199]
Event: 12.039 Thread 0x00000000028d2800 Exception <a 'java/lang/NoClassDefFoundError': org/sonatype/aether/version/VersionConstraint> (0x000000076da38830) thrown at [C:\re\workspace\8-2-build-windows-amd64-cygwin\jdk8u221\13320\hotspot\src\share\vm\classfile\systemDictionary.cpp, line 199]
Event: 12.115 Thread 0x00000000028d2800 Exception <a 'java/lang/NoClassDefFoundError': org/sonatype/aether/installation/InstallationException> (0x000000076dc96940) thrown at [C:\re\workspace\8-2-build-windows-amd64-cygwin\jdk8u221\13320\hotspot\src\share\vm\classfile\systemDictionary.cpp, line 

Events (10 events):
Event: 12.141 loading class org/apache/commons/logging/LogAdapter$Slf4jAdapter
Event: 12.141 loading class org/apache/commons/logging/LogAdapter$Slf4jAdapter done
Event: 12.141 loading class org/apache/commons/logging/Log
Event: 12.141 loading class org/apache/commons/logging/Log done
Event: 12.141 loading class org/apache/commons/logging/Log
Event: 12.141 loading class org/apache/commons/logging/Log done
Event: 12.141 loading class org/slf4j/LoggerFactory
Event: 12.141 loading class org/slf4j/LoggerFactory done
Event: 12.141 loading class org/slf4j/LoggerFactory
Event: 12.141 loading class org/slf4j/LoggerFactory done


Dynamic libraries:
0x00007ff6240a0000 - 0x00007ff6240d7000 	C:\Program Files\Java\jdk1.8.0_221\bin\java.exe
0x00007ff966a60000 - 0x00007ff966c50000 	C:\WINDOWS\SYSTEM32\ntdll.dll
0x00007ff965740000 - 0x00007ff9657f2000 	C:\WINDOWS\System32\KERNEL32.DLL
0x00007ff963f30000 - 0x00007ff9641d3000 	C:\WINDOWS\System32\KERNELBASE.dll
0x00007ff964fe0000 - 0x00007ff965083000 	C:\WINDOWS\System32\ADVAPI32.dll
0x00007ff965870000 - 0x00007ff96590e000 	C:\WINDOWS\System32\msvcrt.dll
0x00007ff9663c0000 - 0x00007ff966457000 	C:\WINDOWS\System32\sechost.dll
0x00007ff9655e0000 - 0x00007ff965700000 	C:\WINDOWS\System32\RPCRT4.dll
0x00007ff966460000 - 0x00007ff9665f4000 	C:\WINDOWS\System32\USER32.dll
0x00007ff964ae0000 - 0x00007ff964b01000 	C:\WINDOWS\System32\win32u.dll
0x00007ff965700000 - 0x00007ff965726000 	C:\WINDOWS\System32\GDI32.dll
0x00007ff963cc0000 - 0x00007ff963e54000 	C:\WINDOWS\System32\gdi32full.dll
0x00007ff963e90000 - 0x00007ff963f2e000 	C:\WINDOWS\System32\msvcp_win.dll
0x00007ff963bc0000 - 0x00007ff963cba000 	C:\WINDOWS\System32\ucrtbase.dll
0x00007ff955e70000 - 0x00007ff9560f5000 	C:\WINDOWS\WinSxS\amd64_microsoft.windows.common-controls_6595b64144ccf1df_6.0.18362.418_none_e6c6b287130d565d\COMCTL32.dll
0x00007ff965270000 - 0x00007ff9655a6000 	C:\WINDOWS\System32\combase.dll
0x00007ff963b40000 - 0x00007ff963bc0000 	C:\WINDOWS\System32\bcryptPrimitives.dll
0x00007ff9655b0000 - 0x00007ff9655de000 	C:\WINDOWS\System32\IMM32.DLL
0x0000000060d20000 - 0x0000000060df2000 	C:\Program Files\Java\jdk1.8.0_221\jre\bin\msvcr100.dll
0x0000000060130000 - 0x00000000609d5000 	C:\Program Files\Java\jdk1.8.0_221\jre\bin\server\jvm.dll
0x00007ff965240000 - 0x00007ff965248000 	C:\WINDOWS\System32\PSAPI.DLL
0x00007ff9537c0000 - 0x00007ff9537c9000 	C:\WINDOWS\SYSTEM32\WSOCK32.dll
0x00007ff961870000 - 0x00007ff961894000 	C:\WINDOWS\SYSTEM32\WINMM.dll
0x00007ff965800000 - 0x00007ff96586f000 	C:\WINDOWS\System32\WS2_32.dll
0x00007ff95dd20000 - 0x00007ff95dd2a000 	C:\WINDOWS\SYSTEM32\VERSION.dll
0x00007ff9614d0000 - 0x00007ff9614fd000 	C:\WINDOWS\SYSTEM32\winmmbase.dll
0x00007ff9641e0000 - 0x00007ff96422a000 	C:\WINDOWS\System32\cfgmgr32.dll
0x00007ff95c640000 - 0x00007ff95c64f000 	C:\Program Files\Java\jdk1.8.0_221\jre\bin\verify.dll
0x00007ff9506b0000 - 0x00007ff9506d9000 	C:\Program Files\Java\jdk1.8.0_221\jre\bin\java.dll
0x00007ff953510000 - 0x00007ff953526000 	C:\Program Files\Java\jdk1.8.0_221\jre\bin\zip.dll
0x00007ff965910000 - 0x00007ff965ff5000 	C:\WINDOWS\System32\SHELL32.dll
0x00007ff9661d0000 - 0x00007ff966279000 	C:\WINDOWS\System32\shcore.dll
0x00007ff964290000 - 0x00007ff964a0f000 	C:\WINDOWS\System32\windows.storage.dll
0x00007ff963990000 - 0x00007ff9639af000 	C:\WINDOWS\System32\profapi.dll
0x00007ff963940000 - 0x00007ff96398a000 	C:\WINDOWS\System32\powrprof.dll
0x00007ff963930000 - 0x00007ff963940000 	C:\WINDOWS\System32\UMPDC.dll
0x00007ff9668e0000 - 0x00007ff966932000 	C:\WINDOWS\System32\shlwapi.dll
0x00007ff9639d0000 - 0x00007ff9639e1000 	C:\WINDOWS\System32\kernel.appcore.dll
0x00007ff964ac0000 - 0x00007ff964ad7000 	C:\WINDOWS\System32\cryptsp.dll
0x00007ff961ab0000 - 0x00007ff961aba000 	G:\Apache\maven\lib\jansi-native\windows64\jansi.dll
0x00007ff9505c0000 - 0x00007ff9505da000 	C:\Program Files\Java\jdk1.8.0_221\jre\bin\net.dll
0x00007ff9576a0000 - 0x00007ff957876000 	C:\WINDOWS\SYSTEM32\urlmon.dll
0x00007ff9580a0000 - 0x00007ff958346000 	C:\WINDOWS\SYSTEM32\iertutil.dll
0x00007ff9632e0000 - 0x00007ff9632ec000 	C:\WINDOWS\SYSTEM32\CRYPTBASE.DLL
0x00007ff963110000 - 0x00007ff963177000 	C:\WINDOWS\system32\mswsock.dll
0x00007ff94c1a0000 - 0x00007ff94c1b2000 	C:\Program Files\Java\jdk1.8.0_221\jre\bin\nio.dll
0x00007ff953670000 - 0x00007ff95367d000 	C:\Program Files\Java\jdk1.8.0_221\jre\bin\management.dll
0x00007ff951480000 - 0x00007ff951496000 	C:\WINDOWS\system32\napinsp.dll
0x00007ff951460000 - 0x00007ff95147a000 	C:\WINDOWS\system32\pnrpnsp.dll
0x00007ff962e60000 - 0x00007ff962f2a000 	C:\WINDOWS\SYSTEM32\DNSAPI.dll
0x00007ff966000000 - 0x00007ff966008000 	C:\WINDOWS\System32\NSI.dll
0x00007ff962e20000 - 0x00007ff962e5a000 	C:\WINDOWS\SYSTEM32\IPHLPAPI.DLL
0x00007ff9512b0000 - 0x00007ff9512be000 	C:\WINDOWS\System32\winrnr.dll
0x00007ff9600f0000 - 0x00007ff96010c000 	C:\WINDOWS\system32\NLAapi.dll
0x00007ff9511b0000 - 0x00007ff9511c5000 	C:\WINDOWS\system32\wshbth.dll
0x00007ff959890000 - 0x00007ff95989a000 	C:\Windows\System32\rasadhlp.dll
0x00007ff95d440000 - 0x00007ff95d4b7000 	C:\WINDOWS\System32\fwpuclnt.dll
0x00007ff963e60000 - 0x00007ff963e86000 	C:\WINDOWS\System32\bcrypt.dll

VM Arguments:
jvm_args: -Dclassworlds.conf=G:\Apache\maven\bin\..\bin\m2.conf -Dmaven.home=G:\Apache\maven\bin\.. -Dlibrary.jansi.path=G:\Apache\maven\bin\..\lib\jansi-native -Dmaven.multiModuleProjectDirectory=F:\IdeaProjects\kaptcha_jwt2 
java_command: org.codehaus.plexus.classworlds.launcher.Launcher clean package -DskipTests=true
java_class_path (initial): G:\Apache\maven\bin\..\boot\plexus-classworlds-2.6.0.jar
Launcher Type: SUN_STANDARD

Environment Variables:
JAVA_HOME=C:\Program Files\Java\jdk1.8.0_221
CLASSPATH=.;C:\Program Files\Java\jdk1.8.0_221\lib;C:\Program Files\Java\jdk1.8.0_221\lib\tools.jar;
PATH=C:\Program Files\JetBrains\IntelliJ IDEA 2019.2\jbr\\bin;C:\Program Files\JetBrains\IntelliJ IDEA 2019.2\jbr\\bin\server;C:\Program Files\Java\jdk1.8.0_221\bin;C:\Program Files (x86)\Common Files\Oracle\Java\javapath;C:\Windows\system32;C:\Windows;C:\Windows\System32\Wbem;C:\Windows\System32\WindowsPowerShell\v1.0\;C:\Windows\System32\OpenSSH\;C:\Program Files (x86)\NVIDIA Corporation\PhysX\Common;C:\Program Files\NVIDIA Corporation\NVIDIA NvDLISR;E:\apache-tomcat-8.0.24\bin\;G:\Apache\maven\bin\;G:\mysql-8.0.17-winx64\bin;G:\NodeJS\;C:\ProgramData\chocolatey\bin;G:\Redis-x64-3.2.100;C:\WINDOWS\system32;C:\WINDOWS;C:\WINDOWS\System32\Wbem;C:\WINDOWS\System32\WindowsPowerShell\v1.0\;C:\WINDOWS\System32\OpenSSH\;G:\Git\cmd;G:\Git\mingw64\bin;G:\Git\usr\bin;C:\Users\Administrator\AppData\Local\Microsoft\WindowsApps;;C:\Program Files\JetBrains\IntelliJ IDEA 2019.2\bin;;G:\Microsoft VS Code\bin;C:\Users\Administrator\AppData\Roaming\npm
USERNAME=Administrator
OS=Windows_NT
PROCESSOR_IDENTIFIER=Intel64 Family 6 Model 158 Stepping 9, GenuineIntel



---------------  S Y S T E M  ---------------

OS: Windows 10.0 , 64 bit Build 18362 (10.0.18362.329)

CPU:total 8 (initial active 8) (4 cores per cpu, 2 threads per core) family 6 model 158 stepping 9, cmov, cx8, fxsr, mmx, sse, sse2, sse3, ssse3, sse4.1, sse4.2, popcnt, avx, avx2, aes, clmul, erms, rtm, 3dnowpref, lzcnt, ht, tsc, tscinvbit, bmi1, bmi2, adx

Memory: 4k page, physical 16736000k(4054404k free), swap 27148688k(5188k free)

vm_info: Java HotSpot(TM) 64-Bit Server VM (25.221-b11) for windows-amd64 JRE (1.8.0_221-b11), built on Jul  4 2019 04:39:29 by "java_re" with MS VC++ 10.0 (VS2010)

time: Thu Nov 14 18:43:00 2019
timezone: 中国标准时间
elapsed time: 12 seconds (0d 0h 0m 12s)

