2019-11-14 08:31:47.077  WARN 9640 --- [HikariPool-1 housekeeper] com.zaxxer.hikari.pool.HikariPool        : HikariPool-1 - Thread starvation or clock leap detected (housekeeper delta=14h5m10s438ms900ns).
2019-11-14 12:15:00.086 DEBUG 9640 --- [http-nio-8888-exec-9] o.s.web.servlet.DispatcherServlet        : POST "/Captcha/getCaptcha", parameters={}
2019-11-14 12:15:00.093 DEBUG 9640 --- [http-nio-8888-exec-9] s.w.s.m.m.a.RequestMappingHandlerMapping : Mapped to public void com.ydl.api.CaptchaApi.getcaptcha(javax.servlet.http.HttpServletResponse) throws java.lang.Exception
2019-11-14 12:15:00.389 DEBUG 9640 --- [http-nio-8888-exec-9] o.s.web.servlet.DispatcherServlet        : Completed 200 OK
2019-11-14 12:15:25.630 DEBUG 9640 --- [http-nio-8888-exec-1] o.s.web.servlet.DispatcherServlet        : POST "/User/login", parameters={}
2019-11-14 12:15:25.632 DEBUG 9640 --- [http-nio-8888-exec-1] s.w.s.m.m.a.RequestMappingHandlerMapping : Mapped to public java.lang.Object com.ydl.api.userManagementPlatform.UserApi.test(com.ydl.entity.User,javax.servlet.http.HttpServletRequest)
2019-11-14 12:15:25.643 DEBUG 9640 --- [http-nio-8888-exec-1] m.m.a.RequestResponseBodyMethodProcessor : Read "application/json;charset=UTF-8" to [User(id=null, username=ydl, password=123456, department=null, gender=null, tel=null, lastlogintime=n (truncated)...]
2019-11-14 12:15:25.684 DEBUG 9640 --- [http-nio-8888-exec-1] o.s.w.s.m.m.a.HttpEntityMethodProcessor  : Using 'application/json', given [*/*] and supported [application/json, application/*+json, application/json, application/*+json]
2019-11-14 12:15:25.691 DEBUG 9640 --- [http-nio-8888-exec-1] o.s.w.s.m.m.a.HttpEntityMethodProcessor  : Writing [{"function":[{"fun1":"1","fun10":"1","fun2":"1","fun3":"1","fun4":"1","fun5":"1","fun6":"1","fun7":" (truncated)...]
2019-11-14 12:15:25.695 DEBUG 9640 --- [http-nio-8888-exec-1] o.s.web.servlet.DispatcherServlet        : Completed 200 OK
2019-11-14 12:15:48.480 DEBUG 9640 --- [http-nio-8888-exec-2] o.s.web.servlet.DispatcherServlet        : POST "/Layers/classifiedQueryLayersList", parameters={}
2019-11-14 12:15:48.481 DEBUG 9640 --- [http-nio-8888-exec-2] s.w.s.m.m.a.RequestMappingHandlerMapping : Mapped to public java.lang.Object com.ydl.api.LayersListApi.classifiedQueryLayersList(com.ydl.entity.LayersList,javax.servlet.http.HttpServletRequest,javax.servlet.http.HttpServletResponse)
2019-11-14 12:15:48.487 DEBUG 9640 --- [http-nio-8888-exec-2] m.m.a.RequestResponseBodyMethodProcessor : Read "application/json;charset=UTF-8" to [LayersList(id=null, name=交, url=null, type=null, copyright=null, keyValue=null, updatetime=null, mod (truncated)...]
2019-11-14 12:15:48.550 DEBUG 9640 --- [http-nio-8888-exec-2] o.s.w.s.m.m.a.HttpEntityMethodProcessor  : Using 'application/json', given [*/*] and supported [application/json, application/*+json, application/json, application/*+json]
2019-11-14 12:15:48.551 DEBUG 9640 --- [http-nio-8888-exec-2] o.s.w.s.m.m.a.HttpEntityMethodProcessor  : Writing [Page{count=true, pageNum=1, pageSize=10, startRow=0, endRow=10, total=4, pages=1, reasonable=true, p (truncated)...]
2019-11-14 12:15:48.557 DEBUG 9640 --- [http-nio-8888-exec-2] o.s.web.servlet.DispatcherServlet        : Completed 200 OK
2019-11-14 12:16:13.279 DEBUG 9640 --- [http-nio-8888-exec-3] o.s.web.servlet.DispatcherServlet        : POST "/Layers/classifiedQueryLayersList", parameters={}
2019-11-14 12:16:13.280 DEBUG 9640 --- [http-nio-8888-exec-3] s.w.s.m.m.a.RequestMappingHandlerMapping : Mapped to public java.lang.Object com.ydl.api.LayersListApi.classifiedQueryLayersList(com.ydl.entity.LayersList,javax.servlet.http.HttpServletRequest,javax.servlet.http.HttpServletResponse)
2019-11-14 12:16:13.282 DEBUG 9640 --- [http-nio-8888-exec-3] m.m.a.RequestResponseBodyMethodProcessor : Read "application/json;charset=UTF-8" to [LayersList(id=null, name=null, url=null, type=null, copyright=null, keyValue=J, updatetime=null, mod (truncated)...]
2019-11-14 12:16:13.289 DEBUG 9640 --- [http-nio-8888-exec-3] o.s.w.s.m.m.a.HttpEntityMethodProcessor  : Using 'application/json', given [*/*] and supported [application/json, application/*+json, application/json, application/*+json]
2019-11-14 12:16:13.290 DEBUG 9640 --- [http-nio-8888-exec-3] o.s.w.s.m.m.a.HttpEntityMethodProcessor  : Writing [Page{count=true, pageNum=1, pageSize=10, startRow=0, endRow=10, total=16, pages=2, reasonable=true,  (truncated)...]
2019-11-14 12:16:13.292 DEBUG 9640 --- [http-nio-8888-exec-3] o.s.web.servlet.DispatcherServlet        : Completed 200 OK
2019-11-14 12:16:48.878 DEBUG 9640 --- [http-nio-8888-exec-7] o.s.web.servlet.DispatcherServlet        : POST "/Layers/classifiedQueryLayersList", parameters={}
2019-11-14 12:16:48.879 DEBUG 9640 --- [http-nio-8888-exec-7] s.w.s.m.m.a.RequestMappingHandlerMapping : Mapped to public java.lang.Object com.ydl.api.LayersListApi.classifiedQueryLayersList(com.ydl.entity.LayersList,javax.servlet.http.HttpServletRequest,javax.servlet.http.HttpServletResponse)
2019-11-14 12:16:48.882 DEBUG 9640 --- [http-nio-8888-exec-7] m.m.a.RequestResponseBodyMethodProcessor : Read "application/json;charset=UTF-8" to [LayersList(id=null, name=null, url=null, type=null, copyright=null, keyValue=JC, updatetime=null, mo (truncated)...]
2019-11-14 12:16:48.890 DEBUG 9640 --- [http-nio-8888-exec-7] o.s.w.s.m.m.a.HttpEntityMethodProcessor  : Using 'application/json', given [*/*] and supported [application/json, application/*+json, application/json, application/*+json]
2019-11-14 12:16:48.891 DEBUG 9640 --- [http-nio-8888-exec-7] o.s.w.s.m.m.a.HttpEntityMethodProcessor  : Writing [Page{count=true, pageNum=1, pageSize=10, startRow=0, endRow=10, total=7, pages=1, reasonable=true, p (truncated)...]
2019-11-14 12:16:48.892 DEBUG 9640 --- [http-nio-8888-exec-7] o.s.web.servlet.DispatcherServlet        : Completed 200 OK
2019-11-14 15:17:44.273  WARN 9640 --- [HikariPool-1 housekeeper] com.zaxxer.hikari.pool.HikariPool        : HikariPool-1 - Thread starvation or clock leap detected (housekeeper delta=57m56s349ms416µs).
